#
# There is insufficient memory for the Java Runtime Environment to continue.
# Native memory allocation (malloc) failed to allocate 1067696 bytes for Chunk::new
# Possible reasons:
#   The system is out of physical RAM or swap space
#   The process is running with CompressedOops enabled, and the Java Heap may be blocking the growth of the native heap
# Possible solutions:
#   Reduce memory load on the system
#   Increase physical memory or swap space
#   Check if swap backing store is full
#   Decrease Java heap size (-Xmx/-Xms)
#   Decrease number of Java threads
#   Decrease Java thread stack sizes (-Xss)
#   Set larger code cache with -XX:ReservedCodeCacheSize=
#   JVM is running with Unscaled Compressed Oops mode in which the Java heap is
#     placed in the first 4GB address space. The Java Heap base address is the
#     maximum limit for the native heap growth. Please use -XX:HeapBaseMinAddress
#     to set the Java Heap base and to place the Java Heap above 4GB virtual address.
# This output file may be truncated or incomplete.
#
#  Out of Memory Error (allocation.cpp:389), pid=36276, tid=0x000000000000aef4
#
# JRE version: OpenJDK Runtime Environment (8.0_242-b01) (build 1.8.0_242-release-1644-b01)
# Java VM: OpenJDK 64-Bit Server VM (25.242-b01 mixed mode windows-amd64 compressed oops)
# Failed to write core dump. Minidumps are not enabled by default on client versions of Windows
#

---------------  T H R E A D  ---------------

Current thread (0x0000000017712800):  JavaThread "C2 CompilerThread0" daemon [_thread_in_native, id=44788, stack(0x0000000018d80000,0x0000000018e80000)]

Stack: [0x0000000018d80000,0x0000000018e80000]
[error occurred during error reporting (printing stack bounds), id 0xc0000005]

Native frames: (J=compiled Java code, j=interpreted, Vv=VM code, C=native code)


Current CompileTask:
C2:1374659 18343       4       org.objectweb.asm.ClassReader::readMethod (1052 bytes)


---------------  P R O C E S S  ---------------

Java Threads: ( => current thread )
  0x00000000204b0000 JavaThread "RMI TCP Connection(2)-127.0.0.1" daemon [_thread_in_native, id=125588, stack(0x0000000028010000,0x0000000028110000)]
  0x00000000204a7000 JavaThread "RMI RenewClean-[127.0.0.1:17407,org.jetbrains.kotlin.daemon.common.LoopbackNetworkInterface$ClientLoopbackSocketFactory@1979ac09]" daemon [_thread_blocked, id=27276, stack(0x0000000027c10000,0x0000000027d10000)]
  0x00000000204a6000 JavaThread "Cache worker for execution history cache (C:\Users\Alex\Desktop\ExamApp\.gradle\6.1.1\executionHistory)" [_thread_blocked, id=66456, stack(0x0000000027b10000,0x0000000027c10000)]
  0x00000000204ac000 JavaThread "Execution worker for ':' Thread 3" [_thread_blocked, id=95240, stack(0x0000000027810000,0x0000000027910000)]
  0x00000000204a5800 JavaThread "Execution worker for ':' Thread 2" [_thread_in_Java, id=21424, stack(0x0000000027710000,0x0000000027810000)]
  0x00000000204a8800 JavaThread "Execution worker for ':'" [_thread_blocked, id=20744, stack(0x0000000027410000,0x0000000027510000)]
  0x00000000204aa000 JavaThread "Cache worker for file content cache (C:\Users\Alex\Desktop\ExamApp\.gradle\6.1.1\fileContent)" [_thread_blocked, id=80948, stack(0x0000000027310000,0x0000000027410000)]
  0x00000000204a4800 JavaThread "Cache worker for Build Output Cleanup Cache (C:\Users\Alex\Desktop\ExamApp\.gradle\buildOutputCleanup)" [_thread_blocked, id=78300, stack(0x0000000022aa0000,0x0000000022ba0000)]
  0x000000001d80a000 JavaThread "Build operations Thread 4" [_thread_blocked, id=114332, stack(0x0000000022760000,0x0000000022860000)]
  0x000000001d80d000 JavaThread "Build operations Thread 3" [_thread_blocked, id=12880, stack(0x0000000022260000,0x0000000022360000)]
  0x000000001d810000 JavaThread "Build operations Thread 2" [_thread_blocked, id=31432, stack(0x0000000022160000,0x0000000022260000)]
  0x000000001d80c000 JavaThread "Build operations" [_thread_blocked, id=38648, stack(0x0000000022060000,0x0000000022160000)]
  0x000000001d80b800 JavaThread "Cache worker for cache directory md-rule (C:\Users\Alex\.gradle\caches\6.1.1\md-rule)" [_thread_blocked, id=65280, stack(0x00000000216a0000,0x00000000217a0000)]
  0x000000001d80a800 JavaThread "Cache worker for cache directory md-supplier (C:\Users\Alex\.gradle\caches\6.1.1\md-supplier)" [_thread_blocked, id=89352, stack(0x0000000020ea0000,0x0000000020fa0000)]
  0x000000001d80d800 JavaThread "Cache worker for file hash cache (C:\Users\Alex\Desktop\ExamApp\.gradle\6.1.1\fileHashes)" [_thread_blocked, id=54900, stack(0x0000000020da0000,0x0000000020ea0000)]
  0x000000001d80e800 JavaThread "Cache worker for checksums cache (C:\Users\Alex\Desktop\ExamApp\.gradle\checksums)" [_thread_blocked, id=133412, stack(0x000000001cfb0000,0x000000001d0b0000)]
  0x000000001d802800 JavaThread "Thread-153" [_thread_blocked, id=56924, stack(0x000000001ccb0000,0x000000001cdb0000)]
  0x000000001d809000 JavaThread "Stdin handler" [_thread_blocked, id=74284, stack(0x000000001cbb0000,0x000000001ccb0000)]
  0x000000001d805800 JavaThread "Asynchronous log dispatcher for DefaultDaemonConnection: socket connection from /127.0.0.1:55752 to /127.0.0.1:55947" [_thread_blocked, id=60704, stack(0x000000001c8b0000,0x000000001c9b0000)]
  0x000000001d806000 JavaThread "Daemon worker Thread 4" [_thread_blocked, id=96684, stack(0x000000001c7b0000,0x000000001c8b0000)]
  0x000000001d807000 JavaThread "Cancel handler" [_thread_blocked, id=131636, stack(0x0000000000e10000,0x0000000000f10000)]
  0x000000001d804800 JavaThread "Handler for socket connection from /127.0.0.1:55752 to /127.0.0.1:55947" [_thread_in_native, id=45488, stack(0x0000000000d10000,0x0000000000e10000)]
  0x000000001d803000 JavaThread "Daemon Thread 4" [_thread_blocked, id=79576, stack(0x0000000000c10000,0x0000000000d10000)]
  0x000000001d804000 JavaThread "RMI Reaper" [_thread_blocked, id=82936, stack(0x0000000028d10000,0x0000000028e10000)]
  0x000000001d801800 JavaThread "RMI TCP Accept-0" daemon [_thread_in_native, id=51096, stack(0x0000000028c10000,0x0000000028d10000)]
  0x000000001d807800 JavaThread "GC Daemon" daemon [_thread_blocked, id=74100, stack(0x0000000028b10000,0x0000000028c10000)]
  0x000000001d808800 JavaThread "RMI RenewClean-[127.0.0.1:17217,org.jetbrains.kotlin.daemon.common.LoopbackNetworkInterface$ClientLoopbackSocketFactory@2e177ee5]" daemon [_thread_blocked, id=84804, stack(0x0000000028a10000,0x0000000028b10000)]
  0x000000001d801000 JavaThread "RMI Scheduler(0)" daemon [_thread_blocked, id=100364, stack(0x0000000027f10000,0x0000000028010000)]
  0x00000000204aa800 JavaThread "MarlinRenderer Disposer" daemon [_thread_blocked, id=83716, stack(0x0000000028210000,0x0000000028310000)]
  0x00000000204ad000 JavaThread "Java2D Disposer" daemon [_thread_blocked, id=116844, stack(0x0000000028110000,0x0000000028210000)]
  0x00000000204a4000 JavaThread "Cache worker for file content cache (C:\Users\Alex\.gradle\caches\6.1.1\fileContent)" [_thread_blocked, id=43392, stack(0x0000000027010000,0x0000000027110000)]
  0x00000000204a7800 JavaThread "Memory manager" [_thread_blocked, id=72196, stack(0x0000000022da0000,0x0000000022ea0000)]
  0x0000000017730800 JavaThread "Cache worker for execution history cache (C:\Users\Alex\.gradle\caches\6.1.1\executionHistory)" [_thread_blocked, id=81468, stack(0x0000000020fa0000,0x00000000210a0000)]
  0x000000001772f000 JavaThread "Cache worker for file hash cache (C:\Users\Alex\.gradle\caches\6.1.1\fileHashes)" [_thread_blocked, id=111176, stack(0x000000001d4b0000,0x000000001d5b0000)]
  0x000000001772d800 JavaThread "File lock request listener" [_thread_in_native, id=28428, stack(0x000000001d3b0000,0x000000001d4b0000)]
  0x000000001b334800 JavaThread "Cache worker for journal cache (C:\Users\Alex\.gradle\caches\journal-1)" [_thread_blocked, id=73512, stack(0x000000001d2b0000,0x000000001d3b0000)]
  0x000000001b239800 JavaThread "Daemon periodic checks" [_thread_blocked, id=7468, stack(0x000000001c6b0000,0x000000001c7b0000)]
  0x000000001b228800 JavaThread "Incoming local TCP Connector on port 55752" [_thread_in_native, id=69700, stack(0x000000001c460000,0x000000001c560000)]
  0x000000001b16b000 JavaThread "Daemon health stats" [_thread_blocked, id=18116, stack(0x000000001be20000,0x000000001bf20000)]
  0x000000001776b000 JavaThread "Service Thread" daemon [_thread_blocked, id=89504, stack(0x0000000019480000,0x0000000019580000)]
  0x000000001772e800 JavaThread "C1 CompilerThread2" daemon [_thread_blocked, id=86356, stack(0x0000000018f80000,0x0000000019080000)]
  0x000000001771c800 JavaThread "C2 CompilerThread1" daemon [_thread_in_native, id=98732, stack(0x0000000018e80000,0x0000000018f80000)]
=>0x0000000017712800 JavaThread "C2 CompilerThread0" daemon [_thread_in_native, id=44788, stack(0x0000000018d80000,0x0000000018e80000)]
  0x0000000017711800 JavaThread "Attach Listener" daemon [_thread_blocked, id=131420, stack(0x0000000018c80000,0x0000000018d80000)]
  0x0000000017717800 JavaThread "Signal Dispatcher" daemon [_thread_blocked, id=85104, stack(0x0000000018b80000,0x0000000018c80000)]
  0x0000000002aec000 JavaThread "Finalizer" daemon [_thread_blocked, id=58120, stack(0x0000000018970000,0x0000000018a70000)]
  0x00000000176f9000 JavaThread "Reference Handler" daemon [_thread_blocked, id=116420, stack(0x0000000018870000,0x0000000018970000)]
  0x00000000027ee000 JavaThread "main" [_thread_blocked, id=89004, stack(0x00000000028f0000,0x00000000029f0000)]

Other Threads:
  0x00000000176d6000 VMThread [stack: 0x0000000018770000,0x0000000018870000] [id=43012]
  0x00000000190c9800 WatcherThread [stack: 0x0000000019580000,0x0000000019680000] [id=27824]

VM state:not at safepoint (normal execution)

VM Mutex/Monitor currently owned by a thread: None

heap address: 0x0000000080000000, size: 2048 MB, Compressed Oops mode: 32-bit
Narrow klass base: 0x0000000000000000, Narrow klass shift: 3
Compressed class space size: 1073741824 Address: 0x0000000100000000

Heap:
 PSYoungGen      total 443904K, used 323275K [0x00000000d5580000, 0x00000000f6300000, 0x0000000100000000)
  eden space 410112K, 76% used [0x00000000d5580000,0x00000000e8863418,0x00000000ee600000)
  from space 33792K, 26% used [0x00000000ee600000,0x00000000eeecf870,0x00000000f0700000)
  to   space 32256K, 0% used [0x00000000f4380000,0x00000000f4380000,0x00000000f6300000)
 ParOldGen       total 98304K, used 60922K [0x0000000080000000, 0x0000000086000000, 0x00000000d5580000)
  object space 98304K, 61% used [0x0000000080000000,0x0000000083b7ebc8,0x0000000086000000)
 Metaspace       used 98162K, capacity 103002K, committed 103192K, reserved 1138688K
  class space    used 12656K, capacity 13573K, committed 13608K, reserved 1048576K

Card table byte_map: [0x0000000011eb0000,0x00000000122c0000] byte_map_base: 0x0000000011ab0000

Marking Bits: (ParMarkBitMap*) 0x000000005259f030
 Begin Bits: [0x0000000012970000, 0x0000000014970000)
 End Bits:   [0x0000000014970000, 0x0000000016970000)

Polling page: 0x0000000000f10000

CodeCache: size=245760Kb used=50310Kb max_used=50404Kb free=195449Kb
 bounds [0x0000000002af0000, 0x0000000005c70000, 0x0000000011af0000]
 total_blobs=15912 nmethods=14876 adapters=947
 compilation: enabled

Compilation events (10 events):
Event: 1374.440 Thread 0x0000000017712800 nmethod 18338 0x00000000040ea350 code [0x00000000040ea4e0, 0x00000000040eaac8]
Event: 1374.442 Thread 0x0000000017712800 18339       4       org.gradle.api.internal.tasks.compile.AnnotationMember::compareTo (9 bytes)
Event: 1374.445 Thread 0x0000000017712800 nmethod 18339 0x0000000004c90e50 code [0x0000000004c90fc0, 0x0000000004c912b8]
Event: 1374.445 Thread 0x0000000017712800 18340       4       org.gradle.api.internal.tasks.compile.AnnotationMember::compareTo (9 bytes)
Event: 1374.448 Thread 0x0000000017712800 nmethod 18340 0x0000000003893bd0 code [0x0000000003893d40, 0x0000000003893fd8]
Event: 1374.451 Thread 0x000000001772e800 18341       3       org.objectweb.asm.MethodVisitor::visitIincInsn (17 bytes)
Event: 1374.451 Thread 0x000000001772e800 nmethod 18341 0x000000000526a390 code [0x000000000526a500, 0x000000000526a768]
Event: 1374.452 Thread 0x0000000017712800 18342       4       com.google.common.collect.ComparisonChain$1::compare (10 bytes)
Event: 1374.453 Thread 0x0000000017712800 nmethod 18342 0x00000000040ea110 code [0x00000000040ea240, 0x00000000040ea2f8]
Event: 1374.460 Thread 0x0000000017712800 18343       4       org.objectweb.asm.ClassReader::readMethod (1052 bytes)

GC Heap History (10 events):
Event: 31.788 GC heap before
{Heap before GC invocations=17 (full 3):
 PSYoungGen      total 278016K, used 277555K [0x00000000d5580000, 0x00000000ed200000, 0x0000000100000000)
  eden space 256512K, 100% used [0x00000000d5580000,0x00000000e5000000,0x00000000e5000000)
  from space 21504K, 97% used [0x00000000e5000000,0x00000000e648cd30,0x00000000e6500000)
  to   space 24576K, 0% used [0x00000000eba00000,0x00000000eba00000,0x00000000ed200000)
 ParOldGen       total 98304K, used 49248K [0x0000000080000000, 0x0000000086000000, 0x00000000d5580000)
  object space 98304K, 50% used [0x0000000080000000,0x0000000083018058,0x0000000086000000)
 Metaspace       used 77743K, capacity 81308K, committed 81432K, reserved 1120256K
  class space    used 10513K, capacity 11201K, committed 11304K, reserved 1048576K
Event: 31.818 GC heap after
Heap after GC invocations=17 (full 3):
 PSYoungGen      total 348672K, used 13634K [0x00000000d5580000, 0x00000000ec980000, 0x0000000100000000)
  eden space 332800K, 0% used [0x00000000d5580000,0x00000000d5580000,0x00000000e9a80000)
  from space 15872K, 85% used [0x00000000eba00000,0x00000000ec7508f0,0x00000000ec980000)
  to   space 24064K, 0% used [0x00000000e9a80000,0x00000000e9a80000,0x00000000eb200000)
 ParOldGen       total 98304K, used 59671K [0x0000000080000000, 0x0000000086000000, 0x00000000d5580000)
  object space 98304K, 60% used [0x0000000080000000,0x0000000083a45f50,0x0000000086000000)
 Metaspace       used 77743K, capacity 81308K, committed 81432K, reserved 1120256K
  class space    used 10513K, capacity 11201K, committed 11304K, reserved 1048576K
}
Event: 898.926 GC heap before
{Heap before GC invocations=18 (full 3):
 PSYoungGen      total 348672K, used 346434K [0x00000000d5580000, 0x00000000ec980000, 0x0000000100000000)
  eden space 332800K, 100% used [0x00000000d5580000,0x00000000e9a80000,0x00000000e9a80000)
  from space 15872K, 85% used [0x00000000eba00000,0x00000000ec7508f0,0x00000000ec980000)
  to   space 24064K, 0% used [0x00000000e9a80000,0x00000000e9a80000,0x00000000eb200000)
 ParOldGen       total 98304K, used 59671K [0x0000000080000000, 0x0000000086000000, 0x00000000d5580000)
  object space 98304K, 60% used [0x0000000080000000,0x0000000083a45f50,0x0000000086000000)
 Metaspace       used 90263K, capacity 94640K, committed 94872K, reserved 1132544K
  class space    used 11823K, capacity 12688K, committed 12712K, reserved 1048576K
Event: 899.436 GC heap after
Heap after GC invocations=18 (full 3):
 PSYoungGen      total 356864K, used 24038K [0x00000000d5580000, 0x00000000f3080000, 0x0000000100000000)
  eden space 332800K, 0% used [0x00000000d5580000,0x00000000d5580000,0x00000000e9a80000)
  from space 24064K, 99% used [0x00000000e9a80000,0x00000000eb1f9ba8,0x00000000eb200000)
  to   space 34304K, 0% used [0x00000000f0f00000,0x00000000f0f00000,0x00000000f3080000)
 ParOldGen       total 98304K, used 77237K [0x0000000080000000, 0x0000000086000000, 0x00000000d5580000)
  object space 98304K, 78% used [0x0000000080000000,0x0000000084b6d448,0x0000000086000000)
 Metaspace       used 90263K, capacity 94640K, committed 94872K, reserved 1132544K
  class space    used 11823K, capacity 12688K, committed 12712K, reserved 1048576K
}
Event: 914.248 GC heap before
{Heap before GC invocations=19 (full 3):
 PSYoungGen      total 356864K, used 135642K [0x00000000d5580000, 0x00000000f3080000, 0x0000000100000000)
  eden space 332800K, 33% used [0x00000000d5580000,0x00000000dc27ce40,0x00000000e9a80000)
  from space 24064K, 99% used [0x00000000e9a80000,0x00000000eb1f9ba8,0x00000000eb200000)
  to   space 34304K, 0% used [0x00000000f0f00000,0x00000000f0f00000,0x00000000f3080000)
 ParOldGen       total 98304K, used 77237K [0x0000000080000000, 0x0000000086000000, 0x00000000d5580000)
  object space 98304K, 78% used [0x0000000080000000,0x0000000084b6d448,0x0000000086000000)
 Metaspace       used 94041K, capacity 98550K, committed 98584K, reserved 1134592K
  class space    used 12204K, capacity 13091K, committed 13096K, reserved 1048576K
Event: 914.370 GC heap after
Heap after GC invocations=19 (full 3):
 PSYoungGen      total 435712K, used 5672K [0x00000000d5580000, 0x00000000f2800000, 0x0000000100000000)
  eden space 410112K, 0% used [0x00000000d5580000,0x00000000d5580000,0x00000000ee600000)
  from space 25600K, 22% used [0x00000000f0f00000,0x00000000f148a140,0x00000000f2800000)
  to   space 33792K, 0% used [0x00000000ee600000,0x00000000ee600000,0x00000000f0700000)
 ParOldGen       total 98304K, used 89385K [0x0000000080000000, 0x0000000086000000, 0x00000000d5580000)
  object space 98304K, 90% used [0x0000000080000000,0x000000008574a4e0,0x0000000086000000)
 Metaspace       used 94041K, capacity 98550K, committed 98584K, reserved 1134592K
  class space    used 12204K, capacity 13091K, committed 13096K, reserved 1048576K
}
Event: 914.370 GC heap before
{Heap before GC invocations=20 (full 4):
 PSYoungGen      total 435712K, used 5672K [0x00000000d5580000, 0x00000000f2800000, 0x0000000100000000)
  eden space 410112K, 0% used [0x00000000d5580000,0x00000000d5580000,0x00000000ee600000)
  from space 25600K, 22% used [0x00000000f0f00000,0x00000000f148a140,0x00000000f2800000)
  to   space 33792K, 0% used [0x00000000ee600000,0x00000000ee600000,0x00000000f0700000)
 ParOldGen       total 98304K, used 89385K [0x0000000080000000, 0x0000000086000000, 0x00000000d5580000)
  object space 98304K, 90% used [0x0000000080000000,0x000000008574a4e0,0x0000000086000000)
 Metaspace       used 94041K, capacity 98550K, committed 98584K, reserved 1134592K
  class space    used 12204K, capacity 13091K, committed 13096K, reserved 1048576K
Event: 915.765 GC heap after
Heap after GC invocations=20 (full 4):
 PSYoungGen      total 435712K, used 0K [0x00000000d5580000, 0x00000000f2800000, 0x0000000100000000)
  eden space 410112K, 0% used [0x00000000d5580000,0x00000000d5580000,0x00000000ee600000)
  from space 25600K, 0% used [0x00000000f0f00000,0x00000000f0f00000,0x00000000f2800000)
  to   space 33792K, 0% used [0x00000000ee600000,0x00000000ee600000,0x00000000f0700000)
 ParOldGen       total 98304K, used 60914K [0x0000000080000000, 0x0000000086000000, 0x00000000d5580000)
  object space 98304K, 61% used [0x0000000080000000,0x0000000083b7cbc8,0x0000000086000000)
 Metaspace       used 93864K, capacity 98016K, committed 98584K, reserved 1134592K
  class space    used 12147K, capacity 12990K, committed 13096K, reserved 1048576K
}
Event: 1005.787 GC heap before
{Heap before GC invocations=21 (full 4):
 PSYoungGen      total 435712K, used 410112K [0x00000000d5580000, 0x00000000f2800000, 0x0000000100000000)
  eden space 410112K, 100% used [0x00000000d5580000,0x00000000ee600000,0x00000000ee600000)
  from space 25600K, 0% used [0x00000000f0f00000,0x00000000f0f00000,0x00000000f2800000)
  to   space 33792K, 0% used [0x00000000ee600000,0x00000000ee600000,0x00000000f0700000)
 ParOldGen       total 98304K, used 60914K [0x0000000080000000, 0x0000000086000000, 0x00000000d5580000)
  object space 98304K, 61% used [0x0000000080000000,0x0000000083b7cbc8,0x0000000086000000)
 Metaspace       used 96489K, capacity 101102K, committed 101272K, reserved 1136640K
  class space    used 12467K, capacity 13361K, committed 13480K, reserved 1048576K
Event: 1005.884 GC heap after
Heap after GC invocations=21 (full 4):
 PSYoungGen      total 443904K, used 9022K [0x00000000d5580000, 0x00000000f6300000, 0x0000000100000000)
  eden space 410112K, 0% used [0x00000000d5580000,0x00000000d5580000,0x00000000ee600000)
  from space 33792K, 26% used [0x00000000ee600000,0x00000000eeecf870,0x00000000f0700000)
  to   space 32256K, 0% used [0x00000000f4380000,0x00000000f4380000,0x00000000f6300000)
 ParOldGen       total 98304K, used 60922K [0x0000000080000000, 0x0000000086000000, 0x00000000d5580000)
  object space 98304K, 61% used [0x0000000080000000,0x0000000083b7ebc8,0x0000000086000000)
 Metaspace       used 96489K, capacity 101102K, committed 101272K, reserved 1136640K
  class space    used 12467K, capacity 13361K, committed 13480K, reserved 1048576K
}

Deoptimization events (10 events):
Event: 1373.732 Thread 0x00000000204a5800 Uncommon trap: reason=unstable_if action=reinterpret pc=0x0000000003926fa0 method=org.objectweb.asm.Type.getArgumentsAndReturnSizes(Ljava/lang/String;)I @ 115
Event: 1373.734 Thread 0x00000000204a5800 Uncommon trap: reason=unstable_if action=reinterpret pc=0x000000000546287c method=org.objectweb.asm.Type.getArgumentsAndReturnSizes(Ljava/lang/String;)I @ 115
Event: 1373.781 Thread 0x00000000204a5800 Uncommon trap: reason=unstable_if action=reinterpret pc=0x00000000031f4044 method=org.objectweb.asm.Type.getArgumentsAndReturnSizes(Ljava/lang/String;)I @ 25
Event: 1373.808 Thread 0x00000000204a5800 Uncommon trap: reason=unstable_if action=reinterpret pc=0x0000000005af59b8 method=org.gradle.api.internal.tasks.compile.ApiMemberSelector.visitField(ILjava/lang/String;Ljava/lang/String;Ljava/lang/String;Ljava/lang/Object;)Lorg/objectweb/asm/FieldVisitor;
Event: 1373.813 Thread 0x00000000204a5800 Uncommon trap: reason=unstable_if action=reinterpret pc=0x00000000038caa34 method=org.gradle.api.internal.tasks.compile.AnnotatableMember.compare(Lorg/gradle/api/internal/tasks/compile/AnnotatableMember;)Lcom/google/common/collect/ComparisonChain; @ 9
Event: 1373.821 Thread 0x00000000204a5800 Uncommon trap: reason=unstable_if action=reinterpret pc=0x0000000003d55444 method=org.gradle.api.internal.tasks.compile.ApiMemberSelector.visitAnnotationMembers(Lorg/objectweb/asm/FieldVisitor;Ljava/util/Set;)V @ 13
Event: 1373.822 Thread 0x00000000204a5800 Uncommon trap: reason=unstable_if action=reinterpret pc=0x0000000004f18bd4 method=org.objectweb.asm.MethodWriter.computeMethodInfoSize()I @ 342
Event: 1373.824 Thread 0x00000000204a5800 Uncommon trap: reason=unstable_if action=reinterpret pc=0x0000000004e69658 method=org.objectweb.asm.SymbolTable.addConstantIntegerOrFloat(II)Lorg/objectweb/asm/Symbol; @ 33
Event: 1373.824 Thread 0x00000000204a5800 Uncommon trap: reason=unstable_if action=reinterpret pc=0x0000000005af0bfc method=org.objectweb.asm.SymbolTable.addConstantIntegerOrFloat(II)Lorg/objectweb/asm/Symbol; @ 33
Event: 1373.933 Thread 0x00000000204a5800 Uncommon trap: reason=unstable_if action=reinterpret pc=0x00000000051fd204 method=org.objectweb.asm.FieldWriter.putFieldInfo(Lorg/objectweb/asm/ByteVector;)V @ 105

Classes redefined (0 events):
No events

Internal exceptions (10 events):
Event: 1350.366 Thread 0x00000000204a5800 Exception <a 'sun/nio/fs/WindowsException'> (0x00000000e63f9668) thrown at [C:\src\AOSP-openjdk-git\hotspot\src\share\vm\prims\jni.cpp, line 710]
Event: 1350.366 Thread 0x00000000204a5800 Exception <a 'sun/nio/fs/WindowsException'> (0x00000000e63fa2a0) thrown at [C:\src\AOSP-openjdk-git\hotspot\src\share\vm\prims\jni.cpp, line 710]
Event: 1350.366 Thread 0x00000000204a5800 Exception <a 'sun/nio/fs/WindowsException'> (0x00000000e63faf80) thrown at [C:\src\AOSP-openjdk-git\hotspot\src\share\vm\prims\jni.cpp, line 710]
Event: 1352.402 Thread 0x00000000204a5800 Exception <a 'java/net/ConnectException': Connection refused: connect> (0x00000000e64ac7d8) thrown at [C:\src\AOSP-openjdk-git\hotspot\src\share\vm\prims\jni.cpp, line 737]
Event: 1354.418 Thread 0x00000000204a5800 Exception <a 'java/net/ConnectException': Connection refused: connect> (0x00000000e64ad870) thrown at [C:\src\AOSP-openjdk-git\hotspot\src\share\vm\prims\jni.cpp, line 737]
Event: 1356.433 Thread 0x00000000204a5800 Exception <a 'java/net/ConnectException': Connection refused: connect> (0x00000000e64ae908) thrown at [C:\src\AOSP-openjdk-git\hotspot\src\share\vm\prims\jni.cpp, line 737]
Event: 1359.901 Thread 0x00000000204a5800 Exception <a 'java/net/ConnectException': Connection refused: connect> (0x00000000e652ad90) thrown at [C:\src\AOSP-openjdk-git\hotspot\src\share\vm\prims\jni.cpp, line 737]
Event: 1361.920 Thread 0x00000000204a5800 Exception <a 'java/net/ConnectException': Connection refused: connect> (0x00000000e652be28) thrown at [C:\src\AOSP-openjdk-git\hotspot\src\share\vm\prims\jni.cpp, line 737]
Event: 1363.933 Thread 0x00000000204a5800 Exception <a 'java/net/ConnectException': Connection refused: connect> (0x00000000e652cec0) thrown at [C:\src\AOSP-openjdk-git\hotspot\src\share\vm\prims\jni.cpp, line 737]
Event: 1364.004 Thread 0x00000000204a7000 Exception <a 'java/lang/InterruptedException'> (0x00000000e65bdc48) thrown at [C:\src\AOSP-openjdk-git\hotspot\src\share\vm\runtime\objectMonitor.cpp, line 1680]

Events (10 events):
Event: 1374.116 Thread 0x0000000017712800 flushing nmethod 0x0000000003d8ee90
Event: 1374.116 Thread 0x0000000017712800 flushing nmethod 0x0000000003d8f310
Event: 1374.119 Thread 0x0000000017712800 flushing nmethod 0x00000000040ea110
Event: 1374.120 Thread 0x0000000017712800 flushing nmethod 0x0000000004199890
Event: 1374.126 Thread 0x00000000204a5800 DEOPT PACKING pc=0x0000000004f0a35c sp=0x000000002780c6b0
Event: 1374.126 Thread 0x00000000204a5800 DEOPT UNPACKING pc=0x0000000002b375d0 sp=0x000000002780c408 mode 0
Event: 1374.146 Thread 0x0000000017712800 flushing nmethod 0x0000000004c90e50
Event: 1374.177 Thread 0x0000000017712800 flushing nmethod 0x000000000526a1d0
Event: 1374.177 Thread 0x0000000017712800 flushing nmethod 0x000000000526a510
Event: 1374.195 Thread 0x0000000017712800 flushing nmethod 0x00000000054285d0


Dynamic libraries:
0x00007ff695410000 - 0x00007ff695441000 	C:\Program Files\Android\Android Studio\jre\bin\java.exe
0x00007fffed4e0000 - 0x00007fffed6d0000 	C:\WINDOWS\SYSTEM32\ntdll.dll
0x00007fffed1f0000 - 0x00007fffed2a2000 	C:\WINDOWS\System32\KERNEL32.DLL
0x00007fffeaf40000 - 0x00007fffeb1e4000 	C:\WINDOWS\System32\KERNELBASE.dll
0x00007fffeb930000 - 0x00007fffeb9d3000 	C:\WINDOWS\System32\ADVAPI32.dll
0x00007fffec850000 - 0x00007fffec8ee000 	C:\WINDOWS\System32\msvcrt.dll
0x00007fffec110000 - 0x00007fffec1a7000 	C:\WINDOWS\System32\sechost.dll
0x00007fffec580000 - 0x00007fffec6a0000 	C:\WINDOWS\System32\RPCRT4.dll
0x00007fffec3e0000 - 0x00007fffec574000 	C:\WINDOWS\System32\USER32.dll
0x00007fffeaf10000 - 0x00007fffeaf31000 	C:\WINDOWS\System32\win32u.dll
0x00007fffec6a0000 - 0x00007fffec6c6000 	C:\WINDOWS\System32\GDI32.dll
0x00007fffead70000 - 0x00007fffeaf05000 	C:\WINDOWS\System32\gdi32full.dll
0x00007fffeacd0000 - 0x00007fffead6e000 	C:\WINDOWS\System32\msvcp_win.dll
0x00007fffeb490000 - 0x00007fffeb58a000 	C:\WINDOWS\System32\ucrtbase.dll
0x00007fffd8b10000 - 0x00007fffd8d94000 	C:\WINDOWS\WinSxS\amd64_microsoft.windows.common-controls_6595b64144ccf1df_6.0.18362.900_none_e6beb9d913147d17\COMCTL32.dll
0x00007fffeb5f0000 - 0x00007fffeb925000 	C:\WINDOWS\System32\combase.dll
0x00007fffeb1f0000 - 0x00007fffeb270000 	C:\WINDOWS\System32\bcryptPrimitives.dll
0x00007fffec8f0000 - 0x00007fffec91e000 	C:\WINDOWS\System32\IMM32.DLL
0x0000000052910000 - 0x00000000529e2000 	C:\Program Files\Android\Android Studio\jre\jre\bin\msvcr100.dll
0x0000000051dd0000 - 0x000000005261b000 	C:\Program Files\Android\Android Studio\jre\jre\bin\server\jvm.dll
0x00007fffec3d0000 - 0x00007fffec3d8000 	C:\WINDOWS\System32\PSAPI.DLL
0x00007fffe29e0000 - 0x00007fffe29ea000 	C:\WINDOWS\SYSTEM32\VERSION.dll
0x00007fffe0c50000 - 0x00007fffe0c74000 	C:\WINDOWS\SYSTEM32\WINMM.dll
0x00007fffe8eb0000 - 0x00007fffe8eb9000 	C:\WINDOWS\SYSTEM32\WSOCK32.dll
0x00007fffec360000 - 0x00007fffec3cf000 	C:\WINDOWS\System32\WS2_32.dll
0x00007fffe0c20000 - 0x00007fffe0c4d000 	C:\WINDOWS\SYSTEM32\winmmbase.dll
0x00007fffeb3c0000 - 0x00007fffeb40a000 	C:\WINDOWS\System32\cfgmgr32.dll
0x00007fffe4640000 - 0x00007fffe464f000 	C:\Program Files\Android\Android Studio\jre\jre\bin\verify.dll
0x00007fffd8700000 - 0x00007fffd8729000 	C:\Program Files\Android\Android Studio\jre\jre\bin\java.dll
0x00007fffd6dd0000 - 0x00007fffd6de6000 	C:\Program Files\Android\Android Studio\jre\jre\bin\zip.dll
0x00007fffecb00000 - 0x00007fffed1e6000 	C:\WINDOWS\System32\SHELL32.dll
0x00007fffed2b0000 - 0x00007fffed359000 	C:\WINDOWS\System32\shcore.dll
0x00007fffea4a0000 - 0x00007fffeac20000 	C:\WINDOWS\System32\windows.storage.dll
0x00007fffea3d0000 - 0x00007fffea3f3000 	C:\WINDOWS\System32\profapi.dll
0x00007fffea420000 - 0x00007fffea46a000 	C:\WINDOWS\System32\powrprof.dll
0x00007fffea3a0000 - 0x00007fffea3b0000 	C:\WINDOWS\System32\UMPDC.dll
0x00007fffeb590000 - 0x00007fffeb5e2000 	C:\WINDOWS\System32\shlwapi.dll
0x00007fffea3b0000 - 0x00007fffea3c1000 	C:\WINDOWS\System32\kernel.appcore.dll
0x00007fffeb470000 - 0x00007fffeb487000 	C:\WINDOWS\System32\cryptsp.dll
0x00007fffd6490000 - 0x00007fffd64aa000 	C:\Program Files\Android\Android Studio\jre\jre\bin\net.dll
0x00007fffe9c10000 - 0x00007fffe9c77000 	C:\WINDOWS\system32\mswsock.dll
0x00007fffd63a0000 - 0x00007fffd63b3000 	C:\Program Files\Android\Android Studio\jre\jre\bin\nio.dll
0x00007fffd7f30000 - 0x00007fffd7f56000 	C:\Users\Alex\.gradle\native\31\windows-amd64\native-platform.dll
0x00007fffe4450000 - 0x00007fffe445d000 	C:\Program Files\Android\Android Studio\jre\jre\bin\management.dll
0x00007fffe9780000 - 0x00007fffe97b3000 	C:\WINDOWS\system32\rsaenh.dll
0x00007fffea470000 - 0x00007fffea496000 	C:\WINDOWS\System32\bcrypt.dll
0x00007fffea2c0000 - 0x00007fffea2e5000 	C:\WINDOWS\SYSTEM32\USERENV.dll
0x00007fffe9de0000 - 0x00007fffe9dec000 	C:\WINDOWS\SYSTEM32\CRYPTBASE.dll
0x00007fffe9920000 - 0x00007fffe995a000 	C:\WINDOWS\SYSTEM32\IPHLPAPI.DLL
0x00007fffec840000 - 0x00007fffec848000 	C:\WINDOWS\System32\NSI.dll
0x00007fffe2340000 - 0x00007fffe2356000 	C:\WINDOWS\SYSTEM32\dhcpcsvc6.DLL
0x00007fffe29c0000 - 0x00007fffe29dc000 	C:\WINDOWS\SYSTEM32\dhcpcsvc.DLL
0x00007fffe9960000 - 0x00007fffe9a2b000 	C:\WINDOWS\SYSTEM32\DNSAPI.dll
0x00007fffe9400000 - 0x00007fffe9431000 	C:\WINDOWS\SYSTEM32\ntmarta.dll
0x00007fffe4460000 - 0x00007fffe4484000 	C:\Program Files\Android\Android Studio\jre\jre\bin\sunec.dll
0x00007fffe06e0000 - 0x00007fffe06ea000 	C:\Windows\System32\rasadhlp.dll
0x00007fffe1eb0000 - 0x00007fffe1f27000 	C:\WINDOWS\System32\fwpuclnt.dll
0x00007fffe5250000 - 0x00007fffe525b000 	C:\Program Files\Android\Android Studio\jre\jre\bin\sunmscapi.dll
0x00007fffeb270000 - 0x00007fffeb3b9000 	C:\WINDOWS\System32\CRYPT32.dll
0x00007fffea400000 - 0x00007fffea412000 	C:\WINDOWS\System32\MSASN1.dll
0x00007fffb54a0000 - 0x00007fffb563c000 	C:\Program Files\Android\Android Studio\jre\jre\bin\awt.dll
0x00007fffeca30000 - 0x00007fffecaf5000 	C:\WINDOWS\System32\OLEAUT32.dll
0x00007fffe8870000 - 0x00007fffe889d000 	C:\WINDOWS\SYSTEM32\dwmapi.dll
0x00007fffe6e80000 - 0x00007fffe7440000 	C:\WINDOWS\SYSTEM32\d2d1.dll
0x00007fffe8280000 - 0x00007fffe830f000 	C:\WINDOWS\SYSTEM32\apphelp.dll
0x00007fffe8330000 - 0x00007fffe83c9000 	C:\WINDOWS\system32\uxtheme.dll
0x00007fffe42c0000 - 0x00007fffe42de000 	C:\Users\Alex\AppData\Local\Temp\native-platform6763489860427849351dir\native-platform.dll

VM Arguments:
jvm_args: -Xmx2048m -Dfile.encoding=windows-1251 -Duser.country=RU -Duser.language=ru -Duser.variant 
java_command: org.gradle.launcher.daemon.bootstrap.GradleDaemon 6.1.1
java_class_path (initial): C:\Users\Alex\.gradle\wrapper\dists\gradle-6.1.1-all\cfmwm155h49vnt3hynmlrsdst\gradle-6.1.1\lib\gradle-launcher-6.1.1.jar
Launcher Type: SUN_STANDARD

Environment Variables:
PATH=C:\Program Files (x86)\Intel\iCLS Client\;C:\Program Files\Intel\iCLS Client\;C:\Windows\system32;C:\Windows;C:\Windows\System32\Wbem;C:\Windows\System32\WindowsPowerShell\v1.0\;C:\Program Files (x86)\Intel\Intel(R) Management Engine Components\DAL;C:\Program Files\Intel\Intel(R) Management Engine Components\DAL;C:\Program Files (x86)\Intel\Intel(R) Management Engine Components\IPT;C:\Program Files\Intel\Intel(R) Management Engine Components\IPT;C:\Program Files (x86)\NVIDIA Corporation\PhysX\Common;C:\WINDOWS\system32;C:\WINDOWS;C:\WINDOWS\System32\Wbem;C:\WINDOWS\System32\WindowsPowerShell\v1.0\;C:\WINDOWS\System32\OpenSSH\;C:\Program Files\Intel\WiFi\bin\;C:\Program Files\Common Files\Intel\WirelessCommon\;C:\Users\Alex\AppData\Local\Microsoft\WindowsApps;C:\Users\Alex\AppData\Local\GitHubDesktop\bin;C:\texlive\2020\bin\win32
USERNAME=Alex
OS=Windows_NT
PROCESSOR_IDENTIFIER=Intel64 Family 6 Model 78 Stepping 3, GenuineIntel



---------------  S Y S T E M  ---------------

OS: Windows 10.0 , 64 bit Build 18362 (10.0.18362.900)

CPU:total 4 (initial active 4) (2 cores per cpu, 2 threads per core) family 6 model 78 stepping 3, cmov, cx8, fxsr, mmx, sse, sse2, sse3, ssse3, sse4.1, sse4.2, popcnt, avx, avx2, aes, clmul, erms, 3dnowpref, lzcnt, ht, tsc, tscinvbit, bmi1, bmi2, adx

Memory: 4k page, physical 8249368k(831768k free), swap 21906972k(4236k free)

vm_info: OpenJDK 64-Bit Server VM (25.242-b01) for windows-amd64 JRE (1.8.0_242-release-1644-b01), built by "builder" with MS VC++ 10.0 (VS2010)

time: Wed Jul 15 10:55:09 2020
timezone: RTZ 7 (зима)
elapsed time: 1374 seconds (0d 0h 22m 54s)

