#
# There is insufficient memory for the Java Runtime Environment to continue.
# Native memory allocation (malloc) failed to allocate 343536 bytes for Chunk::new
# Possible reasons:
#   The system is out of physical RAM or swap space
#   The process is running with CompressedOops enabled, and the Java Heap may be blocking the growth of the native heap
# Possible solutions:
#   Reduce memory load on the system
#   Increase physical memory or swap space
#   Check if swap backing store is full
#   Decrease Java heap size (-Xmx/-Xms)
#   Decrease number of Java threads
#   Decrease Java thread stack sizes (-Xss)
#   Set larger code cache with -XX:ReservedCodeCacheSize=
#   JVM is running with Unscaled Compressed Oops mode in which the Java heap is
#     placed in the first 4GB address space. The Java Heap base address is the
#     maximum limit for the native heap growth. Please use -XX:HeapBaseMinAddress
#     to set the Java Heap base and to place the Java Heap above 4GB virtual address.
# This output file may be truncated or incomplete.
#
#  Out of Memory Error (allocation.cpp:389), pid=115332, tid=0x000000000001b0c4
#
# JRE version: OpenJDK Runtime Environment (8.0_242-b01) (build 1.8.0_242-release-1644-b01)
# Java VM: OpenJDK 64-Bit Server VM (25.242-b01 mixed mode windows-amd64 compressed oops)
# Failed to write core dump. Minidumps are not enabled by default on client versions of Windows
#

---------------  T H R E A D  ---------------

Current thread (0x000000001785c000):  JavaThread "C2 CompilerThread0" daemon [_thread_in_native, id=110788, stack(0x0000000018ec0000,0x0000000018fc0000)]

Stack: [0x0000000018ec0000,0x0000000018fc0000]
[error occurred during error reporting (printing stack bounds), id 0xc0000005]

Native frames: (J=compiled Java code, j=interpreted, Vv=VM code, C=native code)


Current CompileTask:
C2:   6656 2591       4       org.jetbrains.kotlin.load.java.structure.impl.classFiles.BinaryClassSignatureParser::parseParameterizedClassRefSignature (295 bytes)


---------------  P R O C E S S  ---------------

Java Threads: ( => current thread )
  0x0000000019204800 JavaThread "Service Thread" daemon [_thread_blocked, id=17548, stack(0x00000000195c0000,0x00000000196c0000)]
  0x000000001786f800 JavaThread "C1 CompilerThread2" daemon [_thread_blocked, id=28940, stack(0x00000000190c0000,0x00000000191c0000)]
  0x0000000017860000 JavaThread "C2 CompilerThread1" daemon [_thread_blocked, id=43224, stack(0x0000000018fc0000,0x00000000190c0000)]
=>0x000000001785c000 JavaThread "C2 CompilerThread0" daemon [_thread_in_native, id=110788, stack(0x0000000018ec0000,0x0000000018fc0000)]
  0x0000000017857800 JavaThread "Attach Listener" daemon [_thread_blocked, id=118680, stack(0x0000000018dc0000,0x0000000018ec0000)]
  0x000000001785b000 JavaThread "Signal Dispatcher" daemon [_thread_blocked, id=12980, stack(0x0000000018cc0000,0x0000000018dc0000)]
  0x000000001783b000 JavaThread "Finalizer" daemon [_thread_blocked, id=57416, stack(0x0000000018ab0000,0x0000000018bb0000)]
  0x0000000017839000 JavaThread "Reference Handler" daemon [_thread_blocked, id=123044, stack(0x00000000189b0000,0x0000000018ab0000)]
  0x0000000002c64800 JavaThread "main" [_thread_in_native, id=89932, stack(0x0000000002af0000,0x0000000002bf0000)]

Other Threads:
  0x0000000017816000 VMThread [stack: 0x00000000188b0000,0x00000000189b0000] [id=82604]
  0x0000000019205000 WatcherThread [stack: 0x00000000196c0000,0x00000000197c0000] [id=75228]

VM state:not at safepoint (normal execution)

VM Mutex/Monitor currently owned by a thread: None

heap address: 0x0000000082000000, size: 2016 MB, Compressed Oops mode: 32-bit
Narrow klass base: 0x0000000000000000, Narrow klass shift: 3
Compressed class space size: 1073741824 Address: 0x0000000100000000

Heap:
 PSYoungGen      total 91136K, used 14977K [0x00000000d6000000, 0x00000000df300000, 0x0000000100000000)
  eden space 74752K, 20% used [0x00000000d6000000,0x00000000d6ea0780,0x00000000da900000)
  from space 16384K, 0% used [0x00000000db980000,0x00000000db980000,0x00000000dc980000)
  to   space 16896K, 0% used [0x00000000da900000,0x00000000da900000,0x00000000db980000)
 ParOldGen       total 66560K, used 23650K [0x0000000082000000, 0x0000000086100000, 0x00000000d6000000)
  object space 66560K, 35% used [0x0000000082000000,0x0000000083718840,0x0000000086100000)
 Metaspace       used 36450K, capacity 36970K, committed 37288K, reserved 1081344K
  class space    used 4675K, capacity 4817K, committed 4912K, reserved 1048576K

Card table byte_map: [0x0000000012120000,0x0000000012520000] byte_map_base: 0x0000000011d10000

Marking Bits: (ParMarkBitMap*) 0x000000005259f030
 Begin Bits: [0x0000000012bc0000, 0x0000000014b40000)
 End Bits:   [0x0000000014b40000, 0x0000000016ac0000)

Polling page: 0x00000000009f0000

CodeCache: size=245760Kb used=8483Kb max_used=8519Kb free=237276Kb
 bounds [0x0000000002d60000, 0x00000000035c0000, 0x0000000011d60000]
 total_blobs=3088 nmethods=2647 adapters=354
 compilation: enabled

Compilation events (10 events):
Event: 6.646 Thread 0x000000001786f800 nmethod 2667 0x00000000035b2410 code [0x00000000035b2560, 0x00000000035b26b0]
Event: 6.646 Thread 0x000000001786f800 2668       3       java.nio.charset.CharsetDecoder::onUnmappableCharacter (26 bytes)
Event: 6.646 Thread 0x000000001786f800 nmethod 2668 0x00000000035b2710 code [0x00000000035b2880, 0x00000000035b2bc8]
Event: 6.646 Thread 0x000000001786f800 2669       3       java.nio.charset.CharsetDecoder::implOnUnmappableCharacter (1 bytes)
Event: 6.646 Thread 0x000000001786f800 nmethod 2669 0x00000000035b2cd0 code [0x00000000035b2e20, 0x00000000035b2f70]
Event: 6.647 Thread 0x0000000017860000 2670       4       org.jetbrains.org.objectweb.asm.ClassReader::readUtf (161 bytes)
Event: 6.648 Thread 0x000000001786f800 2671       3       java.nio.charset.CharsetDecoder::replaceWith (68 bytes)
Event: 6.648 Thread 0x000000001786f800 nmethod 2671 0x00000000035b2fd0 code [0x00000000035b31a0, 0x00000000035b37b8]
Event: 6.648 Thread 0x000000001786f800 2672       3       java.nio.charset.CharsetDecoder::<init> (108 bytes)
Event: 6.649 Thread 0x000000001786f800 nmethod 2672 0x00000000035b3a10 code [0x00000000035b3be0, 0x00000000035b42c8]

GC Heap History (10 events):
Event: 3.077 GC heap before
{Heap before GC invocations=4 (full 1):
 PSYoungGen      total 37888K, used 5104K [0x00000000d6000000, 0x00000000daa00000, 0x0000000100000000)
  eden space 32768K, 0% used [0x00000000d6000000,0x00000000d6000000,0x00000000d8000000)
  from space 5120K, 99% used [0x00000000d8000000,0x00000000d84fc010,0x00000000d8500000)
  to   space 5120K, 0% used [0x00000000da500000,0x00000000da500000,0x00000000daa00000)
 ParOldGen       total 86016K, used 11630K [0x0000000082000000, 0x0000000087400000, 0x00000000d6000000)
  object space 86016K, 13% used [0x0000000082000000,0x0000000082b5b920,0x0000000087400000)
 Metaspace       used 20821K, capacity 21188K, committed 21296K, reserved 1069056K
  class space    used 2463K, capacity 2594K, committed 2608K, reserved 1048576K
Event: 3.126 GC heap after
Heap after GC invocations=4 (full 1):
 PSYoungGen      total 37888K, used 0K [0x00000000d6000000, 0x00000000daa00000, 0x0000000100000000)
  eden space 32768K, 0% used [0x00000000d6000000,0x00000000d6000000,0x00000000d8000000)
  from space 5120K, 0% used [0x00000000d8000000,0x00000000d8000000,0x00000000d8500000)
  to   space 5120K, 0% used [0x00000000da500000,0x00000000da500000,0x00000000daa00000)
 ParOldGen       total 66560K, used 9151K [0x0000000082000000, 0x0000000086100000, 0x00000000d6000000)
  object space 66560K, 13% used [0x0000000082000000,0x00000000828effd8,0x0000000086100000)
 Metaspace       used 20821K, capacity 21188K, committed 21296K, reserved 1069056K
  class space    used 2463K, capacity 2594K, committed 2608K, reserved 1048576K
}
Event: 4.408 GC heap before
{Heap before GC invocations=5 (full 1):
 PSYoungGen      total 37888K, used 32768K [0x00000000d6000000, 0x00000000daa00000, 0x0000000100000000)
  eden space 32768K, 100% used [0x00000000d6000000,0x00000000d8000000,0x00000000d8000000)
  from space 5120K, 0% used [0x00000000d8000000,0x00000000d8000000,0x00000000d8500000)
  to   space 5120K, 0% used [0x00000000da500000,0x00000000da500000,0x00000000daa00000)
 ParOldGen       total 66560K, used 9151K [0x0000000082000000, 0x0000000086100000, 0x00000000d6000000)
  object space 66560K, 13% used [0x0000000082000000,0x00000000828effd8,0x0000000086100000)
 Metaspace       used 24908K, capacity 25358K, committed 25520K, reserved 1071104K
  class space    used 2974K, capacity 3122K, committed 3248K, reserved 1048576K
Event: 4.447 GC heap after
Heap after GC invocations=5 (full 1):
 PSYoungGen      total 54784K, used 5109K [0x00000000d6000000, 0x00000000daa00000, 0x0000000100000000)
  eden space 49664K, 0% used [0x00000000d6000000,0x00000000d6000000,0x00000000d9080000)
  from space 5120K, 99% used [0x00000000da500000,0x00000000da9fd4a8,0x00000000daa00000)
  to   space 5120K, 0% used [0x00000000da000000,0x00000000da000000,0x00000000da500000)
 ParOldGen       total 66560K, used 11891K [0x0000000082000000, 0x0000000086100000, 0x00000000d6000000)
  object space 66560K, 17% used [0x0000000082000000,0x0000000082b9cc20,0x0000000086100000)
 Metaspace       used 24908K, capacity 25358K, committed 25520K, reserved 1071104K
  class space    used 2974K, capacity 3122K, committed 3248K, reserved 1048576K
}
Event: 6.089 GC heap before
{Heap before GC invocations=6 (full 1):
 PSYoungGen      total 54784K, used 54773K [0x00000000d6000000, 0x00000000daa00000, 0x0000000100000000)
  eden space 49664K, 100% used [0x00000000d6000000,0x00000000d9080000,0x00000000d9080000)
  from space 5120K, 99% used [0x00000000da500000,0x00000000da9fd4a8,0x00000000daa00000)
  to   space 5120K, 0% used [0x00000000da000000,0x00000000da000000,0x00000000da500000)
 ParOldGen       total 66560K, used 11891K [0x0000000082000000, 0x0000000086100000, 0x00000000d6000000)
  object space 66560K, 17% used [0x0000000082000000,0x0000000082b9cc20,0x0000000086100000)
 Metaspace       used 34345K, capacity 34849K, committed 35120K, reserved 1079296K
  class space    used 4409K, capacity 4545K, committed 4656K, reserved 1048576K
Event: 6.117 GC heap after
Heap after GC invocations=6 (full 1):
 PSYoungGen      total 70656K, used 5099K [0x00000000d6000000, 0x00000000dc980000, 0x0000000100000000)
  eden space 65536K, 0% used [0x00000000d6000000,0x00000000d6000000,0x00000000da000000)
  from space 5120K, 99% used [0x00000000da000000,0x00000000da4fadb8,0x00000000da500000)
  to   space 16384K, 0% used [0x00000000db980000,0x00000000db980000,0x00000000dc980000)
 ParOldGen       total 66560K, used 24617K [0x0000000082000000, 0x0000000086100000, 0x00000000d6000000)
  object space 66560K, 36% used [0x0000000082000000,0x000000008380a7d8,0x0000000086100000)
 Metaspace       used 34345K, capacity 34849K, committed 35120K, reserved 1079296K
  class space    used 4409K, capacity 4545K, committed 4656K, reserved 1048576K
}
Event: 6.202 GC heap before
{Heap before GC invocations=7 (full 1):
 PSYoungGen      total 70656K, used 7819K [0x00000000d6000000, 0x00000000dc980000, 0x0000000100000000)
  eden space 65536K, 4% used [0x00000000d6000000,0x00000000d62a7ff8,0x00000000da000000)
  from space 5120K, 99% used [0x00000000da000000,0x00000000da4fadb8,0x00000000da500000)
  to   space 16384K, 0% used [0x00000000db980000,0x00000000db980000,0x00000000dc980000)
 ParOldGen       total 66560K, used 24617K [0x0000000082000000, 0x0000000086100000, 0x00000000d6000000)
  object space 66560K, 36% used [0x0000000082000000,0x000000008380a7d8,0x0000000086100000)
 Metaspace       used 34773K, capacity 35299K, committed 35496K, reserved 1081344K
  class space    used 4466K, capacity 4622K, committed 4656K, reserved 1048576K
Event: 6.219 GC heap after
Heap after GC invocations=7 (full 1):
 PSYoungGen      total 91136K, used 5770K [0x00000000d6000000, 0x00000000df300000, 0x0000000100000000)
  eden space 74752K, 0% used [0x00000000d6000000,0x00000000d6000000,0x00000000da900000)
  from space 16384K, 35% used [0x00000000db980000,0x00000000dbf228a0,0x00000000dc980000)
  to   space 16896K, 0% used [0x00000000da900000,0x00000000da900000,0x00000000db980000)
 ParOldGen       total 66560K, used 24625K [0x0000000082000000, 0x0000000086100000, 0x00000000d6000000)
  object space 66560K, 36% used [0x0000000082000000,0x000000008380c7d8,0x0000000086100000)
 Metaspace       used 34773K, capacity 35299K, committed 35496K, reserved 1081344K
  class space    used 4466K, capacity 4622K, committed 4656K, reserved 1048576K
}
Event: 6.220 GC heap before
{Heap before GC invocations=8 (full 2):
 PSYoungGen      total 91136K, used 5770K [0x00000000d6000000, 0x00000000df300000, 0x0000000100000000)
  eden space 74752K, 0% used [0x00000000d6000000,0x00000000d6000000,0x00000000da900000)
  from space 16384K, 35% used [0x00000000db980000,0x00000000dbf228a0,0x00000000dc980000)
  to   space 16896K, 0% used [0x00000000da900000,0x00000000da900000,0x00000000db980000)
 ParOldGen       total 66560K, used 24625K [0x0000000082000000, 0x0000000086100000, 0x00000000d6000000)
  object space 66560K, 36% used [0x0000000082000000,0x000000008380c7d8,0x0000000086100000)
 Metaspace       used 34773K, capacity 35299K, committed 35496K, reserved 1081344K
  class space    used 4466K, capacity 4622K, committed 4656K, reserved 1048576K
Event: 6.332 GC heap after
Heap after GC invocations=8 (full 2):
 PSYoungGen      total 91136K, used 0K [0x00000000d6000000, 0x00000000df300000, 0x0000000100000000)
  eden space 74752K, 0% used [0x00000000d6000000,0x00000000d6000000,0x00000000da900000)
  from space 16384K, 0% used [0x00000000db980000,0x00000000db980000,0x00000000dc980000)
  to   space 16896K, 0% used [0x00000000da900000,0x00000000da900000,0x00000000db980000)
 ParOldGen       total 66560K, used 23650K [0x0000000082000000, 0x0000000086100000, 0x00000000d6000000)
  object space 66560K, 35% used [0x0000000082000000,0x0000000083718840,0x0000000086100000)
 Metaspace       used 34773K, capacity 35299K, committed 35496K, reserved 1081344K
  class space    used 4466K, capacity 4622K, committed 4656K, reserved 1048576K
}

Deoptimization events (10 events):
Event: 5.608 Thread 0x0000000002c64800 Uncommon trap: reason=unstable_if action=reinterpret pc=0x0000000002fbdb28 method=sun.net.www.ParseUtil.encodePath(Ljava/lang/String;Z)Ljava/lang/String; @ 81
Event: 5.656 Thread 0x0000000002c64800 Uncommon trap: reason=unstable_if action=reinterpret pc=0x000000000326bb60 method=org.jetbrains.kotlin.com.intellij.util.text.ByteArrayCharSequence.toBytesIfPossible(Ljava/lang/CharSequence;)[B @ 13
Event: 6.509 Thread 0x0000000002c64800 Uncommon trap: reason=unstable_if action=reinterpret pc=0x00000000035124a0 method=java.text.StringCharacterIterator.current()C @ 19
Event: 6.605 Thread 0x0000000002c64800 Uncommon trap: reason=bimorphic action=maybe_recompile pc=0x000000000334b180 method=org.jetbrains.kotlin.protobuf.CodedInputStream.tryRefillBuffer(I)Z @ 177
Event: 6.607 Thread 0x0000000002c64800 Uncommon trap: reason=bimorphic action=maybe_recompile pc=0x000000000334b180 method=org.jetbrains.kotlin.protobuf.CodedInputStream.tryRefillBuffer(I)Z @ 177
Event: 6.608 Thread 0x0000000002c64800 Uncommon trap: reason=bimorphic action=maybe_recompile pc=0x000000000334b180 method=org.jetbrains.kotlin.protobuf.CodedInputStream.tryRefillBuffer(I)Z @ 177
Event: 6.610 Thread 0x0000000002c64800 Uncommon trap: reason=bimorphic action=maybe_recompile pc=0x000000000334b180 method=org.jetbrains.kotlin.protobuf.CodedInputStream.tryRefillBuffer(I)Z @ 177
Event: 6.621 Thread 0x0000000002c64800 Uncommon trap: reason=unstable_if action=reinterpret pc=0x0000000003578ab4 method=org.jetbrains.org.objectweb.asm.ClassReader.readUtf(II[C)Ljava/lang/String; @ 41
Event: 6.624 Thread 0x0000000002c64800 Uncommon trap: reason=unstable_if action=reinterpret pc=0x000000000357d09c method=org.jetbrains.org.objectweb.asm.ClassReader.readUtf(II[C)Ljava/lang/String; @ 41
Event: 6.625 Thread 0x0000000002c64800 Uncommon trap: reason=unstable_if action=reinterpret pc=0x0000000003529920 method=org.jetbrains.org.objectweb.asm.ClassReader.readUtf(II[C)Ljava/lang/String; @ 41

Classes redefined (0 events):
No events

Internal exceptions (10 events):
Event: 1.618 Thread 0x0000000002c64800 Exception <a 'java/lang/ArrayIndexOutOfBoundsException'> (0x00000000d657de80) thrown at [C:\src\AOSP-openjdk-git\hotspot\src\share\vm\runtime\sharedRuntime.cpp, line 605]
Event: 2.355 Thread 0x0000000002c64800 Exception <a 'java/lang/NoSuchMethodError': java.lang.Object.lambda$comparing$77a9974f$1(Ljava/util/function/Function;Ljava/lang/Object;Ljava/lang/Object;)I> (0x00000000d61a59d8) thrown at [C:\src\AOSP-openjdk-git\hotspot\src\share\vm\interpreter\linkReso
Event: 2.385 Thread 0x0000000002c64800 Exception <a 'java/lang/NoSuchMethodError': java.lang.Object.lambda$static$0()J> (0x00000000d62ddb88) thrown at [C:\src\AOSP-openjdk-git\hotspot\src\share\vm\interpreter\linkResolver.cpp, line 620]
Event: 2.827 Thread 0x0000000002c64800 Exception <a 'java/lang/NoSuchMethodError': java.lang.Object.lambda$static$0(I)[Lorg/jetbrains/kotlin/com/intellij/openapi/editor/event/DocumentListener;> (0x00000000d6a2c6e8) thrown at [C:\src\AOSP-openjdk-git\hotspot\src\share\vm\interpreter\linkResolve
Event: 2.901 Thread 0x0000000002c64800 Exception <a 'java/lang/NoSuchMethodError': java.lang.Object.lambda$static$0(I)[Lorg/jetbrains/kotlin/com/intellij/psi/PsiAnnotation;> (0x00000000d6c490c8) thrown at [C:\src\AOSP-openjdk-git\hotspot\src\share\vm\interpreter\linkResolver.cpp, line 620]
Event: 3.050 Thread 0x0000000002c64800 Exception <a 'java/lang/NoSuchMethodError': java.lang.Object.lambda$static$0(I)[Lorg/jetbrains/kotlin/com/intellij/psi/PsiElement;> (0x00000000d718ea70) thrown at [C:\src\AOSP-openjdk-git\hotspot\src\share\vm\interpreter\linkResolver.cpp, line 620]
Event: 4.819 Thread 0x0000000002c64800 Exception <a 'java/lang/ArrayIndexOutOfBoundsException': 126> (0x00000000d68fdc18) thrown at [C:\src\AOSP-openjdk-git\hotspot\src\share\vm\interpreter\interpreterRuntime.cpp, line 368]
Event: 6.015 Thread 0x0000000002c64800 Exception <a 'java/lang/NoSuchMethodError': java.lang.Object.lambda$static$0(I)[Lorg/jetbrains/kotlin/psi/KtExpression;> (0x00000000d8eeb920) thrown at [C:\src\AOSP-openjdk-git\hotspot\src\share\vm\interpreter\linkResolver.cpp, line 620]
Event: 6.160 Thread 0x0000000002c64800 Exception <a 'java/lang/NoSuchMethodError': java.lang.Object.lambda$static$0(I)[Lorg/jetbrains/kotlin/psi/KtDeclaration;> (0x00000000d6110010) thrown at [C:\src\AOSP-openjdk-git\hotspot\src\share\vm\interpreter\linkResolver.cpp, line 620]
Event: 6.341 Thread 0x0000000002c64800 Exception <a 'java/lang/NoSuchMethodError': java.lang.Object.lambda$static$0(I)[Lorg/jetbrains/kotlin/psi/KtTypeElement;> (0x00000000d6008958) thrown at [C:\src\AOSP-openjdk-git\hotspot\src\share\vm\interpreter\linkResolver.cpp, line 620]

Events (10 events):
Event: 6.622 loading class org/jetbrains/kotlin/load/kotlin/header/KotlinClassHeader
Event: 6.622 loading class org/jetbrains/kotlin/load/kotlin/header/KotlinClassHeader done
Event: 6.624 Thread 0x0000000002c64800 Uncommon trap: trap_request=0xffffff65 fr.pc=0x000000000357d09c
Event: 6.624 Thread 0x0000000002c64800 DEOPT PACKING pc=0x000000000357d09c sp=0x0000000002be7800
Event: 6.624 Thread 0x0000000002c64800 DEOPT UNPACKING pc=0x0000000002da557b sp=0x0000000002be7750 mode 2
Event: 6.625 Thread 0x0000000002c64800 Uncommon trap: trap_request=0xffffff65 fr.pc=0x0000000003529920
Event: 6.625 Thread 0x0000000002c64800 DEOPT PACKING pc=0x0000000003529920 sp=0x0000000002be7790
Event: 6.625 Thread 0x0000000002c64800 DEOPT UNPACKING pc=0x0000000002da557b sp=0x0000000002be7730 mode 2
Event: 6.649 loading class org/jetbrains/kotlin/metadata/jvm/deserialization/BitEncoding
Event: 6.649 loading class org/jetbrains/kotlin/metadata/jvm/deserialization/BitEncoding done


Dynamic libraries:
0x00007ff6a0d50000 - 0x00007ff6a0d81000 	C:\Program Files\Android\Android Studio\jre\jre\bin\java.exe
0x00007fffed4e0000 - 0x00007fffed6d0000 	C:\WINDOWS\SYSTEM32\ntdll.dll
0x00007fffed1f0000 - 0x00007fffed2a2000 	C:\WINDOWS\System32\KERNEL32.DLL
0x00007fffeaf40000 - 0x00007fffeb1e4000 	C:\WINDOWS\System32\KERNELBASE.dll
0x00007fffeb930000 - 0x00007fffeb9d3000 	C:\WINDOWS\System32\ADVAPI32.dll
0x00007fffec850000 - 0x00007fffec8ee000 	C:\WINDOWS\System32\msvcrt.dll
0x00007fffec110000 - 0x00007fffec1a7000 	C:\WINDOWS\System32\sechost.dll
0x00007fffec580000 - 0x00007fffec6a0000 	C:\WINDOWS\System32\RPCRT4.dll
0x00007fffec3e0000 - 0x00007fffec574000 	C:\WINDOWS\System32\USER32.dll
0x00007fffeaf10000 - 0x00007fffeaf31000 	C:\WINDOWS\System32\win32u.dll
0x00007fffec6a0000 - 0x00007fffec6c6000 	C:\WINDOWS\System32\GDI32.dll
0x00007fffead70000 - 0x00007fffeaf05000 	C:\WINDOWS\System32\gdi32full.dll
0x00007fffeacd0000 - 0x00007fffead6e000 	C:\WINDOWS\System32\msvcp_win.dll
0x00007fffeb490000 - 0x00007fffeb58a000 	C:\WINDOWS\System32\ucrtbase.dll
0x00007fffd8b10000 - 0x00007fffd8d94000 	C:\WINDOWS\WinSxS\amd64_microsoft.windows.common-controls_6595b64144ccf1df_6.0.18362.900_none_e6beb9d913147d17\COMCTL32.dll
0x00007fffeb5f0000 - 0x00007fffeb925000 	C:\WINDOWS\System32\combase.dll
0x00007fffeb1f0000 - 0x00007fffeb270000 	C:\WINDOWS\System32\bcryptPrimitives.dll
0x00007fffec8f0000 - 0x00007fffec91e000 	C:\WINDOWS\System32\IMM32.DLL
0x0000000052910000 - 0x00000000529e2000 	C:\Program Files\Android\Android Studio\jre\jre\bin\msvcr100.dll
0x0000000051dd0000 - 0x000000005261b000 	C:\Program Files\Android\Android Studio\jre\jre\bin\server\jvm.dll
0x00007fffec3d0000 - 0x00007fffec3d8000 	C:\WINDOWS\System32\PSAPI.DLL
0x00007fffe0c50000 - 0x00007fffe0c74000 	C:\WINDOWS\SYSTEM32\WINMM.dll
0x00007fffe29e0000 - 0x00007fffe29ea000 	C:\WINDOWS\SYSTEM32\VERSION.dll
0x00007fffe8eb0000 - 0x00007fffe8eb9000 	C:\WINDOWS\SYSTEM32\WSOCK32.dll
0x00007fffec360000 - 0x00007fffec3cf000 	C:\WINDOWS\System32\WS2_32.dll
0x00007fffe0c20000 - 0x00007fffe0c4d000 	C:\WINDOWS\SYSTEM32\WINMMBASE.dll
0x00007fffeb3c0000 - 0x00007fffeb40a000 	C:\WINDOWS\System32\cfgmgr32.dll
0x00007fffe4640000 - 0x00007fffe464f000 	C:\Program Files\Android\Android Studio\jre\jre\bin\verify.dll
0x00007fffd8700000 - 0x00007fffd8729000 	C:\Program Files\Android\Android Studio\jre\jre\bin\java.dll
0x00007fffd6dd0000 - 0x00007fffd6de6000 	C:\Program Files\Android\Android Studio\jre\jre\bin\zip.dll
0x00007fffecb00000 - 0x00007fffed1e6000 	C:\WINDOWS\System32\SHELL32.dll
0x00007fffed2b0000 - 0x00007fffed359000 	C:\WINDOWS\System32\shcore.dll
0x00007fffea4a0000 - 0x00007fffeac20000 	C:\WINDOWS\System32\windows.storage.dll
0x00007fffea3d0000 - 0x00007fffea3f3000 	C:\WINDOWS\System32\profapi.dll
0x00007fffea420000 - 0x00007fffea46a000 	C:\WINDOWS\System32\powrprof.dll
0x00007fffea3a0000 - 0x00007fffea3b0000 	C:\WINDOWS\System32\UMPDC.dll
0x00007fffeb590000 - 0x00007fffeb5e2000 	C:\WINDOWS\System32\shlwapi.dll
0x00007fffea3b0000 - 0x00007fffea3c1000 	C:\WINDOWS\System32\kernel.appcore.dll
0x00007fffeb470000 - 0x00007fffeb487000 	C:\WINDOWS\System32\cryptsp.dll
0x00007fffd6490000 - 0x00007fffd64aa000 	C:\Program Files\Android\Android Studio\jre\jre\bin\net.dll
0x00007fffe9c10000 - 0x00007fffe9c77000 	C:\WINDOWS\system32\mswsock.dll
0x00007fffd63a0000 - 0x00007fffd63b3000 	C:\Program Files\Android\Android Studio\jre\jre\bin\nio.dll

VM Arguments:
java_command: org.jetbrains.kotlin.cli.jvm.K2JVMCompiler -Xallow-no-source-files -classpath C:\Users\Alex\Desktop\ExamApp\app\build\intermediates\compile_and_runtime_not_namespaced_r_class_jar\debug\R.jar;C:\Users\Alex\.gradle\caches\transforms-2\files-2.1\d8ecf77db437180f5945578a4d2539b5\jetified-kotlin-android-extensions-runtime-1.3.72.jar;C:\Users\Alex\.gradle\caches\transforms-2\files-2.1\2ad0f79aadca959c16b6ed4a4d876a6e\jetified-core-ktx-1.1.0-api.jar;C:\Users\Alex\.gradle\caches\transforms-2\files-2.1\d7918a34a298ce6afd050963fe8285f4\jetified-kotlin-stdlib-1.3.72.jar;C:\Users\Alex\.gradle\caches\transforms-2\files-2.1\7a610442c037d944b5571b97c8bc4008\jetified-kotlin-stdlib-common-1.3.72.jar;C:\Users\Alex\.gradle\caches\transforms-2\files-2.1\b5ebe2cccd14b8a63e84eff597aa9d39\jetified-annotations-13.0.jar;C:\Users\Alex\.gradle\caches\transforms-2\files-2.1\6346ad293ce0dc7ca4519590745d37e2\appcompat-1.1.0-api.jar;C:\Users\Alex\.gradle\caches\transforms-2\files-2.1\bad9133806d0e6c17c5a646b095e10cf\fragment-1.1.0-api.jar;C:\Users\Alex\.gradle\caches\transforms-2\files-2.1\573ac89088ae58f443ffe889cc5549e3\jetified-appcompat-resources-1.1.0-api.jar;C:\Users\Alex\.gradle\caches\transforms-2\files-2.1\bbaf16160d0fa95398e1045beb1d0010\drawerlayout-1.0.0-api.jar;C:\Users\Alex\.gradle\caches\transforms-2\files-2.1\3fd228e3ff76b95fe97ea7f2e2a78818\viewpager-1.0.0-api.jar;C:\Users\Alex\.gradle\caches\transforms-2\files-2.1\88de42c7f900dd67b54e6b2166f3a37a\loader-1.0.0-api.jar;C:\Users\Alex\.gradle\caches\transforms-2\files-2.1\8535ab70bb651513ebc4459b595a4dc4\jetified-activity-1.0.0-api.jar;C:\Users\Alex\.gradle\caches\transforms-2\files-2.1\09f1405faca12a7c354e1276ae92d60a\vectordrawable-animated-1.1.0-api.jar;C:\Users\Alex\.gradle\caches\transforms-2\files-2.1\0e5da3aaa8fb5db4904296d6b2ff36c1\vectordrawable-1.1.0-api.jar;C:\Users\Alex\.gradle\caches\transforms-2\files-2.1\5c99a88195e5ff342896ce52cc5bba45\customview-1.0.0-api.jar;C:\Users\Alex\.gradle\caches\transforms-2
java_class_path (initial): C:\Users\Alex\.gradle\caches\modules-2\files-2.1\org.jetbrains.kotlin\kotlin-compiler-embeddable\1.3.72\fb72232c8fa977d5e07d33c43381ddbdc5edab6\kotlin-compiler-embeddable-1.3.72.jar;C:\Users\Alex\.gradle\caches\modules-2\files-2.1\org.jetbrains.kotlin\kotlin-reflect\1.3.72\86613e1a669a701b0c660bfd2af4f82a7ae11fca\kotlin-reflect-1.3.72.jar;C:\Users\Alex\.gradle\caches\modules-2\files-2.1\org.jetbrains.kotlin\kotlin-stdlib\1.3.72\8032138f12c0180bc4e51fe139d4c52b46db6109\kotlin-stdlib-1.3.72.jar;C:\Users\Alex\.gradle\caches\modules-2\files-2.1\org.jetbrains.kotlin\kotlin-script-runtime\1.3.72\657d8d34d91e1964b4439378c09933e840bfe8d5\kotlin-script-runtime-1.3.72.jar;C:\Users\Alex\.gradle\caches\modules-2\files-2.1\org.jetbrains.kotlin\kotlin-daemon-embeddable\1.3.72\53bbaa2816dbf6bdb85f629451b1fcc88f2164d2\kotlin-daemon-embeddable-1.3.72.jar;C:\Users\Alex\.gradle\caches\modules-2\files-2.1\org.jetbrains.intellij.deps\trove4j\1.0.20181211\216c2e14b070f334479d800987affe4054cd563f\trove4j-1.0.20181211.jar;C:\Users\Alex\.gradle\caches\modules-2\files-2.1\org.jetbrains.kotlin\kotlin-stdlib-common\1.3.72\6ca8bee3d88957eaaaef077c41c908c9940492d8\kotlin-stdlib-common-1.3.72.jar;C:\Users\Alex\.gradle\caches\modules-2\files-2.1\org.jetbrains\annotations\13.0\919f0dfe192fb4e063e7dacadee7f8bb9a2672a9\annotations-13.0.jar;C:\Program Files\Android\Android Studio\jre\lib\tools.jar
Launcher Type: SUN_STANDARD

Environment Variables:
PATH=C:\Program Files (x86)\Intel\iCLS Client\;C:\Program Files\Intel\iCLS Client\;C:\Windows\system32;C:\Windows;C:\Windows\System32\Wbem;C:\Windows\System32\WindowsPowerShell\v1.0\;C:\Program Files (x86)\Intel\Intel(R) Management Engine Components\DAL;C:\Program Files\Intel\Intel(R) Management Engine Components\DAL;C:\Program Files (x86)\Intel\Intel(R) Management Engine Components\IPT;C:\Program Files\Intel\Intel(R) Management Engine Components\IPT;C:\Program Files (x86)\NVIDIA Corporation\PhysX\Common;C:\WINDOWS\system32;C:\WINDOWS;C:\WINDOWS\System32\Wbem;C:\WINDOWS\System32\WindowsPowerShell\v1.0\;C:\WINDOWS\System32\OpenSSH\;C:\Program Files\Intel\WiFi\bin\;C:\Program Files\Common Files\Intel\WirelessCommon\;C:\Users\Alex\AppData\Local\Microsoft\WindowsApps;C:\Users\Alex\AppData\Local\GitHubDesktop\bin;C:\texlive\2020\bin\win32
USERNAME=Alex
OS=Windows_NT
PROCESSOR_IDENTIFIER=Intel64 Family 6 Model 78 Stepping 3, GenuineIntel



---------------  S Y S T E M  ---------------

OS: Windows 10.0 , 64 bit Build 18362 (10.0.18362.900)

CPU:total 4 (initial active 4) (2 cores per cpu, 2 threads per core) family 6 model 78 stepping 3, cmov, cx8, fxsr, mmx, sse, sse2, sse3, ssse3, sse4.1, sse4.2, popcnt, avx, avx2, aes, clmul, erms, 3dnowpref, lzcnt, ht, tsc, tscinvbit, bmi1, bmi2, adx

Memory: 4k page, physical 8249368k(433464k free), swap 21906972k(4976k free)

vm_info: OpenJDK 64-Bit Server VM (25.242-b01) for windows-amd64 JRE (1.8.0_242-release-1644-b01), built by "builder" with MS VC++ 10.0 (VS2010)

time: Wed Jul 15 10:52:35 2020
timezone: RTZ 7 (зима)
elapsed time: 6 seconds (0d 0h 0m 6s)

