#
# There is insufficient memory for the Java Runtime Environment to continue.
# Native memory allocation (malloc) failed to allocate 997296 bytes for Chunk::new
# Possible reasons:
#   The system is out of physical RAM or swap space
#   The process is running with CompressedOops enabled, and the Java Heap may be blocking the growth of the native heap
# Possible solutions:
#   Reduce memory load on the system
#   Increase physical memory or swap space
#   Check if swap backing store is full
#   Decrease Java heap size (-Xmx/-Xms)
#   Decrease number of Java threads
#   Decrease Java thread stack sizes (-Xss)
#   Set larger code cache with -XX:ReservedCodeCacheSize=
#   JVM is running with Unscaled Compressed Oops mode in which the Java heap is
#     placed in the first 4GB address space. The Java Heap base address is the
#     maximum limit for the native heap growth. Please use -XX:HeapBaseMinAddress
#     to set the Java Heap base and to place the Java Heap above 4GB virtual address.
# This output file may be truncated or incomplete.
#
#  Out of Memory Error (allocation.cpp:389), pid=67548, tid=0x0000000000006a48
#
# JRE version: OpenJDK Runtime Environment (8.0_242-b01) (build 1.8.0_242-release-1644-b01)
# Java VM: OpenJDK 64-Bit Server VM (25.242-b01 mixed mode windows-amd64 compressed oops)
# Failed to write core dump. Minidumps are not enabled by default on client versions of Windows
#

---------------  T H R E A D  ---------------

Current thread (0x0000000017a37800):  JavaThread "C2 CompilerThread0" daemon [_thread_in_native, id=27208, stack(0x00000000190a0000,0x00000000191a0000)]

Stack: [0x00000000190a0000,0x00000000191a0000]
[error occurred during error reporting (printing stack bounds), id 0xc0000005]

Native frames: (J=compiled Java code, j=interpreted, Vv=VM code, C=native code)


Current CompileTask:
C2: 105756 10559 %     4       org.objectweb.asm.ClassReader::readCode @ 71 (5089 bytes)


---------------  P R O C E S S  ---------------

Java Threads: ( => current thread )
  0x000000001eaa6800 JavaThread "Cache worker for Build Output Cleanup Cache (C:\Users\Alex\Desktop\ExamApp\.gradle\buildOutputCleanup)" [_thread_in_native, id=27440, stack(0x0000000024870000,0x0000000024970000)]
  0x000000001eaa7000 JavaThread "Build operations Thread 4" [_thread_in_native, id=103960, stack(0x0000000023d70000,0x0000000023e70000)]
  0x000000001eaa5000 JavaThread "Build operations Thread 3" [_thread_blocked, id=61780, stack(0x0000000023c70000,0x0000000023d70000)]
  0x000000001eaa3800 JavaThread "Build operations Thread 2" [_thread_in_Java, id=128584, stack(0x0000000023b70000,0x0000000023c70000)]
  0x000000001eaa2000 JavaThread "Build operations" [_thread_blocked, id=59228, stack(0x0000000023a70000,0x0000000023b70000)]
  0x000000001b5cd800 JavaThread "Cache worker for execution history cache (C:\Users\Alex\.gradle\caches\6.1.1\executionHistory)" [_thread_in_native, id=96888, stack(0x00000000212a0000,0x00000000213a0000)]
  0x000000001b5cc800 JavaThread "Cache worker for cache directory md-rule (C:\Users\Alex\.gradle\caches\6.1.1\md-rule)" [_thread_blocked, id=98716, stack(0x00000000211a0000,0x00000000212a0000)]
  0x000000001b5cc000 JavaThread "Cache worker for cache directory md-supplier (C:\Users\Alex\.gradle\caches\6.1.1\md-supplier)" [_thread_blocked, id=48216, stack(0x00000000210a0000,0x00000000211a0000)]
  0x000000001b5c9000 JavaThread "Cache worker for file hash cache (C:\Users\Alex\Desktop\ExamApp\.gradle\6.1.1\fileHashes)" [_thread_blocked, id=22632, stack(0x000000001fb70000,0x000000001fc70000)]
  0x000000001b5c9800 JavaThread "Cache worker for checksums cache (C:\Users\Alex\Desktop\ExamApp\.gradle\checksums)" [_thread_blocked, id=22376, stack(0x000000001fa70000,0x000000001fb70000)]
  0x000000001b5ca800 JavaThread "Cache worker for file hash cache (C:\Users\Alex\.gradle\caches\6.1.1\fileHashes)" [_thread_blocked, id=70580, stack(0x000000001d7d0000,0x000000001d8d0000)]
  0x000000001b5cb000 JavaThread "File lock request listener" [_thread_in_native, id=71116, stack(0x000000001d6d0000,0x000000001d7d0000)]
  0x000000001b5cf000 JavaThread "Cache worker for journal cache (C:\Users\Alex\.gradle\caches\journal-1)" [_thread_blocked, id=3992, stack(0x000000001d5d0000,0x000000001d6d0000)]
  0x000000001b16d800 JavaThread "Thread-9" [_thread_blocked, id=67520, stack(0x000000001d2d0000,0x000000001d3d0000)]
  0x000000001b168000 JavaThread "Asynchronous log dispatcher for DefaultDaemonConnection: socket connection from /127.0.0.1:55706 to /127.0.0.1:55707" [_thread_blocked, id=77580, stack(0x000000001d0d0000,0x000000001d1d0000)]
  0x000000001b504000 JavaThread "Daemon worker" [_thread_blocked, id=92816, stack(0x000000001cfd0000,0x000000001d0d0000)]
  0x000000001b508800 JavaThread "Cancel handler" [_thread_blocked, id=110460, stack(0x000000001ced0000,0x000000001cfd0000)]
  0x000000001b50b000 JavaThread "Handler for socket connection from /127.0.0.1:55706 to /127.0.0.1:55707" [_thread_in_native, id=63644, stack(0x000000001cbd0000,0x000000001ccd0000)]
  0x000000001b49f800 JavaThread "Daemon" [_thread_blocked, id=96956, stack(0x000000001cad0000,0x000000001cbd0000)]
  0x000000001b494800 JavaThread "Daemon periodic checks" [_thread_blocked, id=84116, stack(0x000000001c9d0000,0x000000001cad0000)]
  0x000000001b4a1800 JavaThread "Incoming local TCP Connector on port 55706" [_thread_in_native, id=11236, stack(0x000000001c780000,0x000000001c880000)]
  0x000000001b133800 JavaThread "Daemon health stats" [_thread_blocked, id=62288, stack(0x000000001b170000,0x000000001b270000)]
  0x00000000193d9800 JavaThread "Service Thread" daemon [_thread_blocked, id=960, stack(0x00000000197a0000,0x00000000198a0000)]
  0x0000000017a4c800 JavaThread "C1 CompilerThread2" daemon [_thread_in_vm, id=131452, stack(0x00000000192a0000,0x00000000193a0000)]
  0x0000000017a3d800 JavaThread "C2 CompilerThread1" daemon [_thread_in_native, id=30340, stack(0x00000000191a0000,0x00000000192a0000)]
=>0x0000000017a37800 JavaThread "C2 CompilerThread0" daemon [_thread_in_native, id=27208, stack(0x00000000190a0000,0x00000000191a0000)]
  0x0000000017a36000 JavaThread "Attach Listener" daemon [_thread_blocked, id=3916, stack(0x0000000018fa0000,0x00000000190a0000)]
  0x0000000017a35000 JavaThread "Signal Dispatcher" daemon [_thread_blocked, id=65300, stack(0x0000000018ea0000,0x0000000018fa0000)]
  0x0000000002d86800 JavaThread "Finalizer" daemon [_thread_blocked, id=7476, stack(0x0000000018c90000,0x0000000018d90000)]
  0x0000000017a19000 JavaThread "Reference Handler" daemon [_thread_blocked, id=30716, stack(0x0000000018b90000,0x0000000018c90000)]
  0x0000000002e0e000 JavaThread "main" [_thread_blocked, id=90016, stack(0x0000000002b60000,0x0000000002c60000)]

Other Threads:
  0x00000000179f6800 VMThread [stack: 0x0000000018a90000,0x0000000018b90000] [id=54808]
  0x00000000193db800 WatcherThread [stack: 0x00000000198a0000,0x00000000199a0000] [id=60460]

VM state:not at safepoint (normal execution)

VM Mutex/Monitor currently owned by a thread: None

heap address: 0x0000000080000000, size: 2048 MB, Compressed Oops mode: 32-bit
Narrow klass base: 0x0000000000000000, Narrow klass shift: 3
Compressed class space size: 1073741824 Address: 0x0000000100000000

Heap:
 PSYoungGen      total 405504K, used 78560K [0x00000000d5580000, 0x00000000f7b00000, 0x0000000100000000)
  eden space 384000K, 17% used [0x00000000d5580000,0x00000000d9812748,0x00000000ecc80000)
  from space 21504K, 48% used [0x00000000ecc80000,0x00000000ed6a5b48,0x00000000ee180000)
  to   space 20992K, 0% used [0x00000000f6680000,0x00000000f6680000,0x00000000f7b00000)
 ParOldGen       total 90112K, used 62438K [0x0000000080000000, 0x0000000085800000, 0x00000000d5580000)
  object space 90112K, 69% used [0x0000000080000000,0x0000000083cf9a40,0x0000000085800000)
 Metaspace       used 75822K, capacity 78820K, committed 79024K, reserved 1118208K
  class space    used 9956K, capacity 10543K, committed 10672K, reserved 1048576K

Card table byte_map: [0x00000000121d0000,0x00000000125e0000] byte_map_base: 0x0000000011dd0000

Marking Bits: (ParMarkBitMap*) 0x000000005259f030
 Begin Bits: [0x0000000012c90000, 0x0000000014c90000)
 End Bits:   [0x0000000014c90000, 0x0000000016c90000)

Polling page: 0x00000000012d0000

CodeCache: size=245760Kb used=31482Kb max_used=31482Kb free=214277Kb
 bounds [0x0000000002e10000, 0x0000000004d00000, 0x0000000011e10000]
 total_blobs=9897 nmethods=9035 adapters=773
 compilation: enabled

Compilation events (10 events):
Event: 105.750 Thread 0x0000000017a4c800 10683       3       com.google.common.collect.ImmutableSortedMap::<init> (20 bytes)
Event: 105.750 Thread 0x0000000017a3d800 10686       4       org.objectweb.asm.FieldWriter::<init> (69 bytes)
Event: 105.750 Thread 0x0000000017a4c800 nmethod 10683 0x0000000004ce9a50 code [0x0000000004ce9bc0, 0x0000000004ce9e70]
Event: 105.750 Thread 0x0000000017a4c800 10684       3       com.google.common.collect.Iterators$6::transform (11 bytes)
Event: 105.751 Thread 0x0000000017a4c800 nmethod 10684 0x0000000004ce95d0 code [0x0000000004ce9740, 0x0000000004ce9968]
Event: 105.752 Thread 0x0000000017a4c800 10689       3       com.google.common.collect.ImmutableCollection::toArray (8 bytes)
Event: 105.752 Thread 0x0000000017a4c800 nmethod 10689 0x0000000004ce91d0 code [0x0000000004ce9340, 0x0000000004ce9548]
Event: 105.753 Thread 0x0000000017a4c800 10690       3       com.android.builder.symbols.BytecodeRClassWriterKt::generateResourceTypeClass (595 bytes)
Event: 105.753 Thread 0x0000000017a3d800 nmethod 10686 0x0000000004ce8d10 code [0x0000000004ce8e80, 0x0000000004ce8ff0]
Event: 105.753 Thread 0x0000000017a3d800 10688       4       com.android.ide.common.symbols.SymbolTable$getSymbolByResourceType$$inlined$compareBy$1::compare (48 bytes)

GC Heap History (10 events):
Event: 46.871 GC heap before
{Heap before GC invocations=14 (full 2):
 PSYoungGen      total 208896K, used 201330K [0x00000000d5580000, 0x00000000e7f80000, 0x0000000100000000)
  eden space 195072K, 100% used [0x00000000d5580000,0x00000000e1400000,0x00000000e1400000)
  from space 13824K, 45% used [0x00000000e1400000,0x00000000e1a1c880,0x00000000e2180000)
  to   space 13312K, 0% used [0x00000000e7280000,0x00000000e7280000,0x00000000e7f80000)
 ParOldGen       total 60928K, used 24168K [0x0000000080000000, 0x0000000083b80000, 0x00000000d5580000)
  object space 60928K, 39% used [0x0000000080000000,0x000000008179a198,0x0000000083b80000)
 Metaspace       used 47202K, capacity 48710K, committed 48944K, reserved 1091584K
  class space    used 6120K, capacity 6424K, committed 6448K, reserved 1048576K
Event: 46.879 GC heap after
Heap after GC invocations=14 (full 2):
 PSYoungGen      total 291840K, used 2468K [0x00000000d5580000, 0x00000000e8200000, 0x0000000100000000)
  eden space 278528K, 0% used [0x00000000d5580000,0x00000000d5580000,0x00000000e6580000)
  from space 13312K, 18% used [0x00000000e7280000,0x00000000e74e9278,0x00000000e7f80000)
  to   space 13312K, 0% used [0x00000000e6580000,0x00000000e6580000,0x00000000e7280000)
 ParOldGen       total 60928K, used 28461K [0x0000000080000000, 0x0000000083b80000, 0x00000000d5580000)
  object space 60928K, 46% used [0x0000000080000000,0x0000000081bcb6b0,0x0000000083b80000)
 Metaspace       used 47202K, capacity 48710K, committed 48944K, reserved 1091584K
  class space    used 6120K, capacity 6424K, committed 6448K, reserved 1048576K
}
Event: 51.071 GC heap before
{Heap before GC invocations=15 (full 2):
 PSYoungGen      total 291840K, used 257440K [0x00000000d5580000, 0x00000000e8200000, 0x0000000100000000)
  eden space 278528K, 91% used [0x00000000d5580000,0x00000000e4e7edb8,0x00000000e6580000)
  from space 13312K, 18% used [0x00000000e7280000,0x00000000e74e9278,0x00000000e7f80000)
  to   space 13312K, 0% used [0x00000000e6580000,0x00000000e6580000,0x00000000e7280000)
 ParOldGen       total 60928K, used 28461K [0x0000000080000000, 0x0000000083b80000, 0x00000000d5580000)
  object space 60928K, 46% used [0x0000000080000000,0x0000000081bcb6b0,0x0000000083b80000)
 Metaspace       used 57134K, capacity 59078K, committed 59160K, reserved 1101824K
  class space    used 7400K, capacity 7821K, committed 7856K, reserved 1048576K
Event: 51.101 GC heap after
Heap after GC invocations=15 (full 2):
 PSYoungGen      total 291840K, used 13291K [0x00000000d5580000, 0x00000000ef300000, 0x0000000100000000)
  eden space 278528K, 0% used [0x00000000d5580000,0x00000000d5580000,0x00000000e6580000)
  from space 13312K, 99% used [0x00000000e6580000,0x00000000e727ae50,0x00000000e7280000)
  to   space 15360K, 0% used [0x00000000ee400000,0x00000000ee400000,0x00000000ef300000)
 ParOldGen       total 60928K, used 29422K [0x0000000080000000, 0x0000000083b80000, 0x00000000d5580000)
  object space 60928K, 48% used [0x0000000080000000,0x0000000081cbb8c8,0x0000000083b80000)
 Metaspace       used 57134K, capacity 59078K, committed 59160K, reserved 1101824K
  class space    used 7400K, capacity 7821K, committed 7856K, reserved 1048576K
}
Event: 51.101 GC heap before
{Heap before GC invocations=16 (full 3):
 PSYoungGen      total 291840K, used 13291K [0x00000000d5580000, 0x00000000ef300000, 0x0000000100000000)
  eden space 278528K, 0% used [0x00000000d5580000,0x00000000d5580000,0x00000000e6580000)
  from space 13312K, 99% used [0x00000000e6580000,0x00000000e727ae50,0x00000000e7280000)
  to   space 15360K, 0% used [0x00000000ee400000,0x00000000ee400000,0x00000000ef300000)
 ParOldGen       total 60928K, used 29422K [0x0000000080000000, 0x0000000083b80000, 0x00000000d5580000)
  object space 60928K, 48% used [0x0000000080000000,0x0000000081cbb8c8,0x0000000083b80000)
 Metaspace       used 57134K, capacity 59078K, committed 59160K, reserved 1101824K
  class space    used 7400K, capacity 7821K, committed 7856K, reserved 1048576K
Event: 51.698 GC heap after
Heap after GC invocations=16 (full 3):
 PSYoungGen      total 291840K, used 0K [0x00000000d5580000, 0x00000000ef300000, 0x0000000100000000)
  eden space 278528K, 0% used [0x00000000d5580000,0x00000000d5580000,0x00000000e6580000)
  from space 13312K, 0% used [0x00000000e6580000,0x00000000e6580000,0x00000000e7280000)
  to   space 15360K, 0% used [0x00000000ee400000,0x00000000ee400000,0x00000000ef300000)
 ParOldGen       total 90112K, used 36839K [0x0000000080000000, 0x0000000085800000, 0x00000000d5580000)
  object space 90112K, 40% used [0x0000000080000000,0x00000000823f9e98,0x0000000085800000)
 Metaspace       used 57013K, capacity 58796K, committed 59160K, reserved 1101824K
  class space    used 7366K, capacity 7779K, committed 7856K, reserved 1048576K
}
Event: 88.178 GC heap before
{Heap before GC invocations=17 (full 3):
 PSYoungGen      total 291840K, used 278528K [0x00000000d5580000, 0x00000000ef300000, 0x0000000100000000)
  eden space 278528K, 100% used [0x00000000d5580000,0x00000000e6580000,0x00000000e6580000)
  from space 13312K, 0% used [0x00000000e6580000,0x00000000e6580000,0x00000000e7280000)
  to   space 15360K, 0% used [0x00000000ee400000,0x00000000ee400000,0x00000000ef300000)
 ParOldGen       total 90112K, used 36839K [0x0000000080000000, 0x0000000085800000, 0x00000000d5580000)
  object space 90112K, 40% used [0x0000000080000000,0x00000000823f9e98,0x0000000085800000)
 Metaspace       used 72701K, capacity 75182K, committed 75440K, reserved 1114112K
  class space    used 9620K, capacity 10128K, committed 10160K, reserved 1048576K
Event: 88.251 GC heap after
Heap after GC invocations=17 (full 3):
 PSYoungGen      total 399360K, used 15343K [0x00000000d5580000, 0x00000000ef680000, 0x0000000100000000)
  eden space 384000K, 0% used [0x00000000d5580000,0x00000000d5580000,0x00000000ecc80000)
  from space 15360K, 99% used [0x00000000ee400000,0x00000000ef2fbfb8,0x00000000ef300000)
  to   space 21504K, 0% used [0x00000000ecc80000,0x00000000ecc80000,0x00000000ee180000)
 ParOldGen       total 90112K, used 47682K [0x0000000080000000, 0x0000000085800000, 0x00000000d5580000)
  object space 90112K, 52% used [0x0000000080000000,0x0000000082e90950,0x0000000085800000)
 Metaspace       used 72701K, capacity 75182K, committed 75440K, reserved 1114112K
  class space    used 9620K, capacity 10128K, committed 10160K, reserved 1048576K
}
Event: 102.588 GC heap before
{Heap before GC invocations=18 (full 3):
 PSYoungGen      total 399360K, used 399343K [0x00000000d5580000, 0x00000000ef680000, 0x0000000100000000)
  eden space 384000K, 100% used [0x00000000d5580000,0x00000000ecc80000,0x00000000ecc80000)
  from space 15360K, 99% used [0x00000000ee400000,0x00000000ef2fbfb8,0x00000000ef300000)
  to   space 21504K, 0% used [0x00000000ecc80000,0x00000000ecc80000,0x00000000ee180000)
 ParOldGen       total 90112K, used 47682K [0x0000000080000000, 0x0000000085800000, 0x00000000d5580000)
  object space 90112K, 52% used [0x0000000080000000,0x0000000082e90950,0x0000000085800000)
 Metaspace       used 75489K, capacity 78482K, committed 78768K, reserved 1118208K
  class space    used 9938K, capacity 10540K, committed 10672K, reserved 1048576K
Event: 102.757 GC heap after
Heap after GC invocations=18 (full 3):
 PSYoungGen      total 405504K, used 10390K [0x00000000d5580000, 0x00000000f7b00000, 0x0000000100000000)
  eden space 384000K, 0% used [0x00000000d5580000,0x00000000d5580000,0x00000000ecc80000)
  from space 21504K, 48% used [0x00000000ecc80000,0x00000000ed6a5b48,0x00000000ee180000)
  to   space 20992K, 0% used [0x00000000f6680000,0x00000000f6680000,0x00000000f7b00000)
 ParOldGen       total 90112K, used 62438K [0x0000000080000000, 0x0000000085800000, 0x00000000d5580000)
  object space 90112K, 69% used [0x0000000080000000,0x0000000083cf9a40,0x0000000085800000)
 Metaspace       used 75489K, capacity 78482K, committed 78768K, reserved 1118208K
  class space    used 9938K, capacity 10540K, committed 10672K, reserved 1048576K
}

Deoptimization events (10 events):
Event: 99.302 Thread 0x000000001eaa7000 Uncommon trap: reason=class_check action=maybe_recompile pc=0x0000000004ac1a1c method=org.objectweb.asm.commons.AnnotationRemapper.visit(Ljava/lang/String;Ljava/lang/Object;)V @ 7
Event: 99.302 Thread 0x000000001eaa7000 Uncommon trap: reason=class_check action=maybe_recompile pc=0x0000000004ac1a1c method=org.objectweb.asm.commons.AnnotationRemapper.visit(Ljava/lang/String;Ljava/lang/Object;)V @ 7
Event: 99.303 Thread 0x000000001eaa7000 Uncommon trap: reason=class_check action=maybe_recompile pc=0x0000000004ac1a1c method=org.objectweb.asm.commons.AnnotationRemapper.visit(Ljava/lang/String;Ljava/lang/Object;)V @ 7
Event: 99.657 Thread 0x000000001eaa2000 Uncommon trap: reason=unstable_if action=reinterpret pc=0x0000000004a6fd60 method=org.objectweb.asm.MethodWriter.visitVarInsn(II)V @ 108
Event: 99.657 Thread 0x000000001eaa2000 Uncommon trap: reason=unstable_if action=reinterpret pc=0x0000000004a38fe8 method=org.objectweb.asm.MethodWriter.visitInsn(I)V @ 24
Event: 99.668 Thread 0x000000001eaa2000 Uncommon trap: reason=unstable_if action=reinterpret pc=0x0000000003e2f580 method=java.nio.Buffer.limit(I)Ljava/nio/Buffer; @ 33
Event: 100.641 Thread 0x000000001eaa5000 Uncommon trap: reason=class_check action=maybe_recompile pc=0x00000000045eef44 method=com.sun.org.apache.xerces.internal.impl.XMLDocumentFragmentScannerImpl$FragmentContentDriver.next()I @ 2223
Event: 102.284 Thread 0x000000001eaa5000 Uncommon trap: reason=unstable_if action=reinterpret pc=0x0000000004b461f4 method=org.objectweb.asm.signature.SignatureReader.accept(Lorg/objectweb/asm/signature/SignatureVisitor;)V @ 196
Event: 103.329 Thread 0x000000001eaa2000 Uncommon trap: reason=unstable_if action=reinterpret pc=0x0000000004a0ca88 method=com.android.tools.build.jetifier.processor.AndroidXRefScanner$AndroidXTrackingRemapper.map(Ljava/lang/String;)Ljava/lang/String; @ 15
Event: 103.893 Thread 0x000000001eaa5000 Uncommon trap: reason=unstable_if action=reinterpret pc=0x00000000049de0b4 method=kotlin.text.StringsKt__StringsKt.indexOf$default(Ljava/lang/CharSequence;CIZILjava/lang/Object;)I @ 13

Classes redefined (0 events):
No events

Internal exceptions (10 events):
Event: 103.334 Thread 0x000000001eaa2000 Exception <a 'sun/nio/fs/WindowsException'> (0x00000000d7cf30f0) thrown at [C:\src\AOSP-openjdk-git\hotspot\src\share\vm\prims\jni.cpp, line 710]
Event: 103.464 Thread 0x000000001eaa5000 Exception <a 'sun/nio/fs/WindowsException'> (0x00000000d89c4e50) thrown at [C:\src\AOSP-openjdk-git\hotspot\src\share\vm\prims\jni.cpp, line 710]
Event: 103.482 Thread 0x000000001eaa2000 Exception <a 'sun/nio/fs/WindowsException'> (0x00000000d7d12428) thrown at [C:\src\AOSP-openjdk-git\hotspot\src\share\vm\prims\jni.cpp, line 710]
Event: 103.874 Thread 0x000000001eaa3800 Exception <a 'sun/nio/fs/WindowsException'> (0x00000000d55dcf60) thrown at [C:\src\AOSP-openjdk-git\hotspot\src\share\vm\prims\jni.cpp, line 710]
Event: 103.888 Thread 0x000000001eaa5000 Exception <a 'sun/nio/fs/WindowsException'> (0x00000000d89e4548) thrown at [C:\src\AOSP-openjdk-git\hotspot\src\share\vm\prims\jni.cpp, line 710]
Event: 104.193 Thread 0x000000001eaa7000 Exception <a 'sun/nio/fs/WindowsException'> (0x00000000d71ecb70) thrown at [C:\src\AOSP-openjdk-git\hotspot\src\share\vm\prims\jni.cpp, line 710]
Event: 104.647 Thread 0x000000001eaa2000 Exception <a 'sun/nio/fs/WindowsException'> (0x00000000d7d8f228) thrown at [C:\src\AOSP-openjdk-git\hotspot\src\share\vm\prims\jni.cpp, line 710]
Event: 105.022 Thread 0x000000001eaa3800 Exception <a 'sun/nio/fs/WindowsException'> (0x00000000d8b14ab0) thrown at [C:\src\AOSP-openjdk-git\hotspot\src\share\vm\prims\jni.cpp, line 710]
Event: 105.085 Thread 0x000000001eaa7000 Exception <a 'sun/nio/fs/WindowsException'> (0x00000000d9472f38) thrown at [C:\src\AOSP-openjdk-git\hotspot\src\share\vm\prims\jni.cpp, line 710]
Event: 105.741 Thread 0x000000001eaa7000 Exception <a 'sun/nio/fs/WindowsException'> (0x00000000d9492e80) thrown at [C:\src\AOSP-openjdk-git\hotspot\src\share\vm\prims\jni.cpp, line 710]

Events (10 events):
Event: 104.047 loading class com/android/ide/common/symbols/SymbolJavaType
Event: 104.047 loading class com/android/ide/common/symbols/SymbolJavaType done
Event: 104.057 loading class org/objectweb/asm/commons/Method
Event: 104.057 loading class org/objectweb/asm/commons/Method done
Event: 104.059 loading class org/objectweb/asm/commons/GeneratorAdapter
Event: 104.059 loading class org/objectweb/asm/commons/GeneratorAdapter done
Event: 104.062 loading class org/objectweb/asm/commons/LocalVariablesSorter
Event: 104.062 loading class org/objectweb/asm/commons/LocalVariablesSorter done
Event: 105.101 Thread 0x000000001eaa3800 DEOPT PACKING pc=0x0000000004bbaee2 sp=0x0000000023c6b700
Event: 105.101 Thread 0x000000001eaa3800 DEOPT UNPACKING pc=0x0000000002e575d0 sp=0x0000000023c6b478 mode 0


Dynamic libraries:
0x00007ff695410000 - 0x00007ff695441000 	C:\Program Files\Android\Android Studio\jre\bin\java.exe
0x00007fffed4e0000 - 0x00007fffed6d0000 	C:\WINDOWS\SYSTEM32\ntdll.dll
0x00007fffed1f0000 - 0x00007fffed2a2000 	C:\WINDOWS\System32\KERNEL32.DLL
0x00007fffeaf40000 - 0x00007fffeb1e4000 	C:\WINDOWS\System32\KERNELBASE.dll
0x00007fffeb930000 - 0x00007fffeb9d3000 	C:\WINDOWS\System32\ADVAPI32.dll
0x00007fffec850000 - 0x00007fffec8ee000 	C:\WINDOWS\System32\msvcrt.dll
0x00007fffec110000 - 0x00007fffec1a7000 	C:\WINDOWS\System32\sechost.dll
0x00007fffec580000 - 0x00007fffec6a0000 	C:\WINDOWS\System32\RPCRT4.dll
0x00007fffec3e0000 - 0x00007fffec574000 	C:\WINDOWS\System32\USER32.dll
0x00007fffeaf10000 - 0x00007fffeaf31000 	C:\WINDOWS\System32\win32u.dll
0x00007fffec6a0000 - 0x00007fffec6c6000 	C:\WINDOWS\System32\GDI32.dll
0x00007fffead70000 - 0x00007fffeaf05000 	C:\WINDOWS\System32\gdi32full.dll
0x00007fffeacd0000 - 0x00007fffead6e000 	C:\WINDOWS\System32\msvcp_win.dll
0x00007fffeb490000 - 0x00007fffeb58a000 	C:\WINDOWS\System32\ucrtbase.dll
0x00007fffd8b10000 - 0x00007fffd8d94000 	C:\WINDOWS\WinSxS\amd64_microsoft.windows.common-controls_6595b64144ccf1df_6.0.18362.900_none_e6beb9d913147d17\COMCTL32.dll
0x00007fffeb5f0000 - 0x00007fffeb925000 	C:\WINDOWS\System32\combase.dll
0x00007fffeb1f0000 - 0x00007fffeb270000 	C:\WINDOWS\System32\bcryptPrimitives.dll
0x00007fffec8f0000 - 0x00007fffec91e000 	C:\WINDOWS\System32\IMM32.DLL
0x0000000052910000 - 0x00000000529e2000 	C:\Program Files\Android\Android Studio\jre\jre\bin\msvcr100.dll
0x0000000051dd0000 - 0x000000005261b000 	C:\Program Files\Android\Android Studio\jre\jre\bin\server\jvm.dll
0x00007fffec3d0000 - 0x00007fffec3d8000 	C:\WINDOWS\System32\PSAPI.DLL
0x00007fffe29e0000 - 0x00007fffe29ea000 	C:\WINDOWS\SYSTEM32\VERSION.dll
0x00007fffe0c50000 - 0x00007fffe0c74000 	C:\WINDOWS\SYSTEM32\WINMM.dll
0x00007fffe8eb0000 - 0x00007fffe8eb9000 	C:\WINDOWS\SYSTEM32\WSOCK32.dll
0x00007fffec360000 - 0x00007fffec3cf000 	C:\WINDOWS\System32\WS2_32.dll
0x00007fffe0c20000 - 0x00007fffe0c4d000 	C:\WINDOWS\SYSTEM32\winmmbase.dll
0x00007fffeb3c0000 - 0x00007fffeb40a000 	C:\WINDOWS\System32\cfgmgr32.dll
0x00007fffe4640000 - 0x00007fffe464f000 	C:\Program Files\Android\Android Studio\jre\jre\bin\verify.dll
0x00007fffd8700000 - 0x00007fffd8729000 	C:\Program Files\Android\Android Studio\jre\jre\bin\java.dll
0x00007fffd6dd0000 - 0x00007fffd6de6000 	C:\Program Files\Android\Android Studio\jre\jre\bin\zip.dll
0x00007fffecb00000 - 0x00007fffed1e6000 	C:\WINDOWS\System32\SHELL32.dll
0x00007fffed2b0000 - 0x00007fffed359000 	C:\WINDOWS\System32\shcore.dll
0x00007fffea4a0000 - 0x00007fffeac20000 	C:\WINDOWS\System32\windows.storage.dll
0x00007fffea3d0000 - 0x00007fffea3f3000 	C:\WINDOWS\System32\profapi.dll
0x00007fffea420000 - 0x00007fffea46a000 	C:\WINDOWS\System32\powrprof.dll
0x00007fffea3a0000 - 0x00007fffea3b0000 	C:\WINDOWS\System32\UMPDC.dll
0x00007fffeb590000 - 0x00007fffeb5e2000 	C:\WINDOWS\System32\shlwapi.dll
0x00007fffea3b0000 - 0x00007fffea3c1000 	C:\WINDOWS\System32\kernel.appcore.dll
0x00007fffeb470000 - 0x00007fffeb487000 	C:\WINDOWS\System32\cryptsp.dll
0x00007fffd6490000 - 0x00007fffd64aa000 	C:\Program Files\Android\Android Studio\jre\jre\bin\net.dll
0x00007fffe9c10000 - 0x00007fffe9c77000 	C:\WINDOWS\system32\mswsock.dll
0x00007fffd63a0000 - 0x00007fffd63b3000 	C:\Program Files\Android\Android Studio\jre\jre\bin\nio.dll
0x00007fffd7f30000 - 0x00007fffd7f56000 	C:\Users\Alex\.gradle\native\31\windows-amd64\native-platform.dll
0x00007fffe4450000 - 0x00007fffe445d000 	C:\Program Files\Android\Android Studio\jre\jre\bin\management.dll
0x00007fffe9780000 - 0x00007fffe97b3000 	C:\WINDOWS\system32\rsaenh.dll
0x00007fffea470000 - 0x00007fffea496000 	C:\WINDOWS\System32\bcrypt.dll
0x00007fffea2c0000 - 0x00007fffea2e5000 	C:\WINDOWS\SYSTEM32\USERENV.dll
0x00007fffe9de0000 - 0x00007fffe9dec000 	C:\WINDOWS\SYSTEM32\CRYPTBASE.dll
0x00007fffe9920000 - 0x00007fffe995a000 	C:\WINDOWS\SYSTEM32\IPHLPAPI.DLL
0x00007fffec840000 - 0x00007fffec848000 	C:\WINDOWS\System32\NSI.dll
0x00007fffe2340000 - 0x00007fffe2356000 	C:\WINDOWS\SYSTEM32\dhcpcsvc6.DLL
0x00007fffe29c0000 - 0x00007fffe29dc000 	C:\WINDOWS\SYSTEM32\dhcpcsvc.DLL
0x00007fffe9960000 - 0x00007fffe9a2b000 	C:\WINDOWS\SYSTEM32\DNSAPI.dll
0x00007fffe4460000 - 0x00007fffe4484000 	C:\Program Files\Android\Android Studio\jre\jre\bin\sunec.dll
0x00007fffe06e0000 - 0x00007fffe06ea000 	C:\Windows\System32\rasadhlp.dll
0x00007fffe1eb0000 - 0x00007fffe1f27000 	C:\WINDOWS\System32\fwpuclnt.dll
0x00007fffe5250000 - 0x00007fffe525b000 	C:\Program Files\Android\Android Studio\jre\jre\bin\sunmscapi.dll
0x00007fffeb270000 - 0x00007fffeb3b9000 	C:\WINDOWS\System32\CRYPT32.dll
0x00007fffea400000 - 0x00007fffea412000 	C:\WINDOWS\System32\MSASN1.dll
0x00007fffe9400000 - 0x00007fffe9431000 	C:\WINDOWS\SYSTEM32\ntmarta.dll

VM Arguments:
jvm_args: -Xmx2048m -Dfile.encoding=windows-1251 -Duser.country=RU -Duser.language=ru -Duser.variant 
java_command: org.gradle.launcher.daemon.bootstrap.GradleDaemon 6.1.1
java_class_path (initial): C:\Users\Alex\.gradle\wrapper\dists\gradle-6.1.1-all\cfmwm155h49vnt3hynmlrsdst\gradle-6.1.1\lib\gradle-launcher-6.1.1.jar
Launcher Type: SUN_STANDARD

Environment Variables:
PATH=C:\Program Files (x86)\Intel\iCLS Client\;C:\Program Files\Intel\iCLS Client\;C:\Windows\system32;C:\Windows;C:\Windows\System32\Wbem;C:\Windows\System32\WindowsPowerShell\v1.0\;C:\Program Files (x86)\Intel\Intel(R) Management Engine Components\DAL;C:\Program Files\Intel\Intel(R) Management Engine Components\DAL;C:\Program Files (x86)\Intel\Intel(R) Management Engine Components\IPT;C:\Program Files\Intel\Intel(R) Management Engine Components\IPT;C:\Program Files (x86)\NVIDIA Corporation\PhysX\Common;C:\WINDOWS\system32;C:\WINDOWS;C:\WINDOWS\System32\Wbem;C:\WINDOWS\System32\WindowsPowerShell\v1.0\;C:\WINDOWS\System32\OpenSSH\;C:\Program Files\Intel\WiFi\bin\;C:\Program Files\Common Files\Intel\WirelessCommon\;C:\Users\Alex\AppData\Local\Microsoft\WindowsApps;C:\Users\Alex\AppData\Local\GitHubDesktop\bin;C:\texlive\2020\bin\win32
USERNAME=Alex
OS=Windows_NT
PROCESSOR_IDENTIFIER=Intel64 Family 6 Model 78 Stepping 3, GenuineIntel



---------------  S Y S T E M  ---------------

OS: Windows 10.0 , 64 bit Build 18362 (10.0.18362.900)

CPU:total 4 (initial active 4) (2 cores per cpu, 2 threads per core) family 6 model 78 stepping 3, cmov, cx8, fxsr, mmx, sse, sse2, sse3, ssse3, sse4.1, sse4.2, popcnt, avx, avx2, aes, clmul, erms, 3dnowpref, lzcnt, ht, tsc, tscinvbit, bmi1, bmi2, adx

Memory: 4k page, physical 8249368k(347668k free), swap 21906972k(3544k free)

vm_info: OpenJDK 64-Bit Server VM (25.242-b01) for windows-amd64 JRE (1.8.0_242-release-1644-b01), built by "builder" with MS VC++ 10.0 (VS2010)

time: Wed Jul 15 10:31:44 2020
timezone: RTZ 7 (зима)
elapsed time: 105 seconds (0d 0h 1m 45s)

